# Logfile created on Wed Feb 02 10:37:47 +0530 2011/!\ FAILSAFE /!\  Wed Feb 02 10:38:11 +0530 2011
  Status: 500 Internal Server Error
  Unknown database 'timesheet_development'
    /home/gaurav_saini/.rvm/gems/ruby-1.8.7-p330/gems/activerecord-2.3.8/lib/active_record/connection_adapters/mysql_adapter.rb:619:in `real_connect'
    /home/gaurav_saini/.rvm/gems/ruby-1.8.7-p330/gems/activerecord-2.3.8/lib/active_record/connection_adapters/mysql_adapter.rb:619:in `connect'
    /home/gaurav_saini/.rvm/gems/ruby-1.8.7-p330/gems/activerecord-2.3.8/lib/active_record/connection_adapters/mysql_adapter.rb:203:in `initialize'
    /home/gaurav_saini/.rvm/gems/ruby-1.8.7-p330/gems/activerecord-2.3.8/lib/active_record/connection_adapters/mysql_adapter.rb:75:in `new'
    /home/gaurav_saini/.rvm/gems/ruby-1.8.7-p330/gems/activerecord-2.3.8/lib/active_record/connection_adapters/mysql_adapter.rb:75:in `mysql_connection'
    /home/gaurav_saini/.rvm/gems/ruby-1.8.7-p330/gems/activerecord-2.3.8/lib/active_record/connection_adapters/abstract/connection_pool.rb:223:in `send'
    /home/gaurav_saini/.rvm/gems/ruby-1.8.7-p330/gems/activerecord-2.3.8/lib/active_record/connection_adapters/abstract/connection_pool.rb:223:in `new_connection'
    /home/gaurav_saini/.rvm/gems/ruby-1.8.7-p330/gems/activerecord-2.3.8/lib/active_record/connection_adapters/abstract/connection_pool.rb:245:in `checkout_new_connection'
    /home/gaurav_saini/.rvm/gems/ruby-1.8.7-p330/gems/activerecord-2.3.8/lib/active_record/connection_adapters/abstract/connection_pool.rb:188:in `checkout'
    /home/gaurav_saini/.rvm/gems/ruby-1.8.7-p330/gems/activerecord-2.3.8/lib/active_record/connection_adapters/abstract/connection_pool.rb:184:in `loop'
    /home/gaurav_saini/.rvm/gems/ruby-1.8.7-p330/gems/activerecord-2.3.8/lib/active_record/connection_adapters/abstract/connection_pool.rb:184:in `checkout'
    /home/gaurav_saini/.rvm/rubies/ruby-1.8.7-p330/lib/ruby/1.8/monitor.rb:242:in `synchronize'
    /home/gaurav_saini/.rvm/gems/ruby-1.8.7-p330/gems/activerecord-2.3.8/lib/active_record/connection_adapters/abstract/connection_pool.rb:183:in `checkout'
    /home/gaurav_saini/.rvm/gems/ruby-1.8.7-p330/gems/activerecord-2.3.8/lib/active_record/connection_adapters/abstract/connection_pool.rb:98:in `connection'
    /home/gaurav_saini/.rvm/gems/ruby-1.8.7-p330/gems/activerecord-2.3.8/lib/active_record/connection_adapters/abstract/connection_pool.rb:326:in `retrieve_connection'
    /home/gaurav_saini/.rvm/gems/ruby-1.8.7-p330/gems/activerecord-2.3.8/lib/active_record/connection_adapters/abstract/connection_specification.rb:123:in `retrieve_connection'
    /home/gaurav_saini/.rvm/gems/ruby-1.8.7-p330/gems/activerecord-2.3.8/lib/active_record/connection_adapters/abstract/connection_specification.rb:115:in `connection'
    /home/gaurav_saini/.rvm/gems/ruby-1.8.7-p330/gems/activerecord-2.3.8/lib/active_record/query_cache.rb:9:in `cache'
    /home/gaurav_saini/.rvm/gems/ruby-1.8.7-p330/gems/activerecord-2.3.8/lib/active_record/query_cache.rb:28:in `call'
    /home/gaurav_saini/.rvm/gems/ruby-1.8.7-p330/gems/activerecord-2.3.8/lib/active_record/connection_adapters/abstract/connection_pool.rb:361:in `call'
    /home/gaurav_saini/.rvm/gems/ruby-1.8.7-p330/gems/actionpack-2.3.8/lib/action_controller/string_coercion.rb:25:in `call'
    /home/gaurav_saini/.rvm/gems/ruby-1.8.7-p330/gems/rack-1.1.0/lib/rack/head.rb:9:in `call'
    /home/gaurav_saini/.rvm/gems/ruby-1.8.7-p330/gems/rack-1.1.0/lib/rack/methodoverride.rb:24:in `call'
    /home/gaurav_saini/.rvm/gems/ruby-1.8.7-p330/gems/actionpack-2.3.8/lib/action_controller/params_parser.rb:15:in `call'
    /home/gaurav_saini/.rvm/gems/ruby-1.8.7-p330/gems/actionpack-2.3.8/lib/action_controller/session/cookie_store.rb:99:in `call'
    /home/gaurav_saini/.rvm/gems/ruby-1.8.7-p330/gems/actionpack-2.3.8/lib/action_controller/failsafe.rb:26:in `call'
    /home/gaurav_saini/.rvm/gems/ruby-1.8.7-p330/gems/rack-1.1.0/lib/rack/lock.rb:11:in `call'
    /home/gaurav_saini/.rvm/gems/ruby-1.8.7-p330/gems/rack-1.1.0/lib/rack/lock.rb:11:in `synchronize'
    /home/gaurav_saini/.rvm/gems/ruby-1.8.7-p330/gems/rack-1.1.0/lib/rack/lock.rb:11:in `call'
    /home/gaurav_saini/.rvm/gems/ruby-1.8.7-p330/gems/actionpack-2.3.8/lib/action_controller/dispatcher.rb:114:in `call'
    /home/gaurav_saini/.rvm/gems/ruby-1.8.7-p330/gems/actionpack-2.3.8/lib/action_controller/reloader.rb:34:in `run'
    /home/gaurav_saini/.rvm/gems/ruby-1.8.7-p330/gems/actionpack-2.3.8/lib/action_controller/dispatcher.rb:108:in `call'
    /home/gaurav_saini/.rvm/gems/ruby-1.8.7-p330/gems/rails-2.3.8/lib/rails/rack/static.rb:31:in `call'
    /home/gaurav_saini/.rvm/gems/ruby-1.8.7-p330/gems/rack-1.1.0/lib/rack/urlmap.rb:47:in `call'
    /home/gaurav_saini/.rvm/gems/ruby-1.8.7-p330/gems/rack-1.1.0/lib/rack/urlmap.rb:41:in `each'
    /home/gaurav_saini/.rvm/gems/ruby-1.8.7-p330/gems/rack-1.1.0/lib/rack/urlmap.rb:41:in `call'
    /home/gaurav_saini/.rvm/gems/ruby-1.8.7-p330/gems/rails-2.3.8/lib/rails/rack/log_tailer.rb:17:in `call'
    /home/gaurav_saini/.rvm/gems/ruby-1.8.7-p330/gems/rack-1.1.0/lib/rack/content_length.rb:13:in `call'
    /home/gaurav_saini/.rvm/gems/ruby-1.8.7-p330/gems/rack-1.1.0/lib/rack/chunked.rb:15:in `call'
    /home/gaurav_saini/.rvm/gems/ruby-1.8.7-p330/gems/rack-1.1.0/lib/rack/handler/mongrel.rb:67:in `process'
    /home/gaurav_saini/.rvm/gems/ruby-1.8.7-p330/gems/mongrel-1.1.5/lib/mongrel.rb:159:in `process_client'
    /home/gaurav_saini/.rvm/gems/ruby-1.8.7-p330/gems/mongrel-1.1.5/lib/mongrel.rb:158:in `each'
    /home/gaurav_saini/.rvm/gems/ruby-1.8.7-p330/gems/mongrel-1.1.5/lib/mongrel.rb:158:in `process_client'
    /home/gaurav_saini/.rvm/gems/ruby-1.8.7-p330/gems/mongrel-1.1.5/lib/mongrel.rb:285:in `run'
    /home/gaurav_saini/.rvm/gems/ruby-1.8.7-p330/gems/mongrel-1.1.5/lib/mongrel.rb:285:in `initialize'
    /home/gaurav_saini/.rvm/gems/ruby-1.8.7-p330/gems/mongrel-1.1.5/lib/mongrel.rb:285:in `new'
    /home/gaurav_saini/.rvm/gems/ruby-1.8.7-p330/gems/mongrel-1.1.5/lib/mongrel.rb:285:in `run'
    /home/gaurav_saini/.rvm/gems/ruby-1.8.7-p330/gems/mongrel-1.1.5/lib/mongrel.rb:268:in `initialize'
    /home/gaurav_saini/.rvm/gems/ruby-1.8.7-p330/gems/mongrel-1.1.5/lib/mongrel.rb:268:in `new'
    /home/gaurav_saini/.rvm/gems/ruby-1.8.7-p330/gems/mongrel-1.1.5/lib/mongrel.rb:268:in `run'
    /home/gaurav_saini/.rvm/gems/ruby-1.8.7-p330/gems/rack-1.1.0/lib/rack/handler/mongrel.rb:38:in `run'
    /home/gaurav_saini/.rvm/gems/ruby-1.8.7-p330/gems/rails-2.3.8/lib/commands/server.rb:111
    /home/gaurav_saini/.rvm/rubies/ruby-1.8.7-p330/lib/ruby/site_ruby/1.8/rubygems/custom_require.rb:29:in `gem_original_require'
    /home/gaurav_saini/.rvm/rubies/ruby-1.8.7-p330/lib/ruby/site_ruby/1.8/rubygems/custom_require.rb:29:in `require'
    script/server:3
/!\ FAILSAFE /!\  Wed Feb 02 10:38:21 +0530 2011
  Status: 500 Internal Server Error
  Unknown database 'timesheet_development'
    /home/gaurav_saini/.rvm/gems/ruby-1.8.7-p330/gems/activerecord-2.3.8/lib/active_record/connection_adapters/mysql_adapter.rb:619:in `real_connect'
    /home/gaurav_saini/.rvm/gems/ruby-1.8.7-p330/gems/activerecord-2.3.8/lib/active_record/connection_adapters/mysql_adapter.rb:619:in `connect'
    /home/gaurav_saini/.rvm/gems/ruby-1.8.7-p330/gems/activerecord-2.3.8/lib/active_record/connection_adapters/mysql_adapter.rb:203:in `initialize'
    /home/gaurav_saini/.rvm/gems/ruby-1.8.7-p330/gems/activerecord-2.3.8/lib/active_record/connection_adapters/mysql_adapter.rb:75:in `new'
    /home/gaurav_saini/.rvm/gems/ruby-1.8.7-p330/gems/activerecord-2.3.8/lib/active_record/connection_adapters/mysql_adapter.rb:75:in `mysql_connection'
    /home/gaurav_saini/.rvm/gems/ruby-1.8.7-p330/gems/activerecord-2.3.8/lib/active_record/connection_adapters/abstract/connection_pool.rb:223:in `send'
    /home/gaurav_saini/.rvm/gems/ruby-1.8.7-p330/gems/activerecord-2.3.8/lib/active_record/connection_adapters/abstract/connection_pool.rb:223:in `new_connection'
    /home/gaurav_saini/.rvm/gems/ruby-1.8.7-p330/gems/activerecord-2.3.8/lib/active_record/connection_adapters/abstract/connection_pool.rb:245:in `checkout_new_connection'
    /home/gaurav_saini/.rvm/gems/ruby-1.8.7-p330/gems/activerecord-2.3.8/lib/active_record/connection_adapters/abstract/connection_pool.rb:188:in `checkout'
    /home/gaurav_saini/.rvm/gems/ruby-1.8.7-p330/gems/activerecord-2.3.8/lib/active_record/connection_adapters/abstract/connection_pool.rb:184:in `loop'
    /home/gaurav_saini/.rvm/gems/ruby-1.8.7-p330/gems/activerecord-2.3.8/lib/active_record/connection_adapters/abstract/connection_pool.rb:184:in `checkout'
    /home/gaurav_saini/.rvm/rubies/ruby-1.8.7-p330/lib/ruby/1.8/monitor.rb:242:in `synchronize'
    /home/gaurav_saini/.rvm/gems/ruby-1.8.7-p330/gems/activerecord-2.3.8/lib/active_record/connection_adapters/abstract/connection_pool.rb:183:in `checkout'
    /home/gaurav_saini/.rvm/gems/ruby-1.8.7-p330/gems/activerecord-2.3.8/lib/active_record/connection_adapters/abstract/connection_pool.rb:98:in `connection'
    /home/gaurav_saini/.rvm/gems/ruby-1.8.7-p330/gems/activerecord-2.3.8/lib/active_record/connection_adapters/abstract/connection_pool.rb:326:in `retrieve_connection'
    /home/gaurav_saini/.rvm/gems/ruby-1.8.7-p330/gems/activerecord-2.3.8/lib/active_record/connection_adapters/abstract/connection_specification.rb:123:in `retrieve_connection'
    /home/gaurav_saini/.rvm/gems/ruby-1.8.7-p330/gems/activerecord-2.3.8/lib/active_record/connection_adapters/abstract/connection_specification.rb:115:in `connection'
    /home/gaurav_saini/.rvm/gems/ruby-1.8.7-p330/gems/activerecord-2.3.8/lib/active_record/query_cache.rb:9:in `cache'
    /home/gaurav_saini/.rvm/gems/ruby-1.8.7-p330/gems/activerecord-2.3.8/lib/active_record/query_cache.rb:28:in `call'
    /home/gaurav_saini/.rvm/gems/ruby-1.8.7-p330/gems/activerecord-2.3.8/lib/active_record/connection_adapters/abstract/connection_pool.rb:361:in `call'
    /home/gaurav_saini/.rvm/gems/ruby-1.8.7-p330/gems/actionpack-2.3.8/lib/action_controller/string_coercion.rb:25:in `call'
    /home/gaurav_saini/.rvm/gems/ruby-1.8.7-p330/gems/rack-1.1.0/lib/rack/head.rb:9:in `call'
    /home/gaurav_saini/.rvm/gems/ruby-1.8.7-p330/gems/rack-1.1.0/lib/rack/methodoverride.rb:24:in `call'
    /home/gaurav_saini/.rvm/gems/ruby-1.8.7-p330/gems/actionpack-2.3.8/lib/action_controller/params_parser.rb:15:in `call'
    /home/gaurav_saini/.rvm/gems/ruby-1.8.7-p330/gems/actionpack-2.3.8/lib/action_controller/session/cookie_store.rb:99:in `call'
    /home/gaurav_saini/.rvm/gems/ruby-1.8.7-p330/gems/actionpack-2.3.8/lib/action_controller/failsafe.rb:26:in `call'
    /home/gaurav_saini/.rvm/gems/ruby-1.8.7-p330/gems/rack-1.1.0/lib/rack/lock.rb:11:in `call'
    /home/gaurav_saini/.rvm/gems/ruby-1.8.7-p330/gems/rack-1.1.0/lib/rack/lock.rb:11:in `synchronize'
    /home/gaurav_saini/.rvm/gems/ruby-1.8.7-p330/gems/rack-1.1.0/lib/rack/lock.rb:11:in `call'
    /home/gaurav_saini/.rvm/gems/ruby-1.8.7-p330/gems/actionpack-2.3.8/lib/action_controller/dispatcher.rb:114:in `call'
    /home/gaurav_saini/.rvm/gems/ruby-1.8.7-p330/gems/actionpack-2.3.8/lib/action_controller/reloader.rb:34:in `run'
    /home/gaurav_saini/.rvm/gems/ruby-1.8.7-p330/gems/actionpack-2.3.8/lib/action_controller/dispatcher.rb:108:in `call'
    /home/gaurav_saini/.rvm/gems/ruby-1.8.7-p330/gems/rails-2.3.8/lib/rails/rack/static.rb:31:in `call'
    /home/gaurav_saini/.rvm/gems/ruby-1.8.7-p330/gems/rack-1.1.0/lib/rack/urlmap.rb:47:in `call'
    /home/gaurav_saini/.rvm/gems/ruby-1.8.7-p330/gems/rack-1.1.0/lib/rack/urlmap.rb:41:in `each'
    /home/gaurav_saini/.rvm/gems/ruby-1.8.7-p330/gems/rack-1.1.0/lib/rack/urlmap.rb:41:in `call'
    /home/gaurav_saini/.rvm/gems/ruby-1.8.7-p330/gems/rails-2.3.8/lib/rails/rack/log_tailer.rb:17:in `call'
    /home/gaurav_saini/.rvm/gems/ruby-1.8.7-p330/gems/rack-1.1.0/lib/rack/content_length.rb:13:in `call'
    /home/gaurav_saini/.rvm/gems/ruby-1.8.7-p330/gems/rack-1.1.0/lib/rack/chunked.rb:15:in `call'
    /home/gaurav_saini/.rvm/gems/ruby-1.8.7-p330/gems/rack-1.1.0/lib/rack/handler/mongrel.rb:67:in `process'
    /home/gaurav_saini/.rvm/gems/ruby-1.8.7-p330/gems/mongrel-1.1.5/lib/mongrel.rb:159:in `process_client'
    /home/gaurav_saini/.rvm/gems/ruby-1.8.7-p330/gems/mongrel-1.1.5/lib/mongrel.rb:158:in `each'
    /home/gaurav_saini/.rvm/gems/ruby-1.8.7-p330/gems/mongrel-1.1.5/lib/mongrel.rb:158:in `process_client'
    /home/gaurav_saini/.rvm/gems/ruby-1.8.7-p330/gems/mongrel-1.1.5/lib/mongrel.rb:285:in `run'
    /home/gaurav_saini/.rvm/gems/ruby-1.8.7-p330/gems/mongrel-1.1.5/lib/mongrel.rb:285:in `initialize'
    /home/gaurav_saini/.rvm/gems/ruby-1.8.7-p330/gems/mongrel-1.1.5/lib/mongrel.rb:285:in `new'
    /home/gaurav_saini/.rvm/gems/ruby-1.8.7-p330/gems/mongrel-1.1.5/lib/mongrel.rb:285:in `run'
    /home/gaurav_saini/.rvm/gems/ruby-1.8.7-p330/gems/mongrel-1.1.5/lib/mongrel.rb:268:in `initialize'
    /home/gaurav_saini/.rvm/gems/ruby-1.8.7-p330/gems/mongrel-1.1.5/lib/mongrel.rb:268:in `new'
    /home/gaurav_saini/.rvm/gems/ruby-1.8.7-p330/gems/mongrel-1.1.5/lib/mongrel.rb:268:in `run'
    /home/gaurav_saini/.rvm/gems/ruby-1.8.7-p330/gems/rack-1.1.0/lib/rack/handler/mongrel.rb:38:in `run'
    /home/gaurav_saini/.rvm/gems/ruby-1.8.7-p330/gems/rails-2.3.8/lib/commands/server.rb:111
    /home/gaurav_saini/.rvm/rubies/ruby-1.8.7-p330/lib/ruby/site_ruby/1.8/rubygems/custom_require.rb:29:in `gem_original_require'
    /home/gaurav_saini/.rvm/rubies/ruby-1.8.7-p330/lib/ruby/site_ruby/1.8/rubygems/custom_require.rb:29:in `require'
    script/server:3
  [4;36;1mSQL (0.1ms)[0m   [0;1mSET NAMES 'utf8'[0m
  [4;35;1mSQL (0.1ms)[0m   [0mSET SQL_AUTO_IS_NULL=0[0m
  [4;36;1mSQL (0.3ms)[0m   [0;1mSHOW TABLES[0m
  [4;35;1mSQL (118.2ms)[0m   [0mCREATE TABLE `schema_migrations` (`version` varchar(255) NOT NULL) ENGINE=InnoDB[0m
  [4;36;1mSQL (0.3ms)[0m   [0;1mSHOW KEYS FROM `schema_migrations`[0m
  [4;35;1mSQL (184.4ms)[0m   [0mCREATE UNIQUE INDEX `unique_schema_migrations` ON `schema_migrations` (`version`)[0m
  [4;36;1mSQL (0.2ms)[0m   [0;1mSHOW TABLES[0m
  [4;35;1mSQL (0.2ms)[0m   [0mSELECT version FROM schema_migrations[0m
Migrating to CreateUsers (20100913082815)
  [4;36;1mSQL (91.6ms)[0m   [0;1mCREATE TABLE `users` (`id` int(11) DEFAULT NULL auto_increment PRIMARY KEY, `username` varchar(255), `hashed_password` varchar(255), `salt` varchar(255), `is_admin` tinyint(1), `is_active` tinyint(1) DEFAULT 0, `employee_id` int(11), `forgot_password_hash` varchar(255), `confirm_creation_hash` varchar(255), `created_at` datetime, `updated_at` datetime) ENGINE=InnoDB[0m
  [4;35;1mSQL (91.4ms)[0m   [0mCREATE TABLE `employees` (`id` int(11) DEFAULT NULL auto_increment PRIMARY KEY, `first_name` varchar(255), `last_name` varchar(255), `email` varchar(255), `date_of_joining` datetime, `date_of_leaving` datetime, `created_at` datetime, `updated_at` datetime) ENGINE=InnoDB[0m
  [4;36;1mSQL (100.0ms)[0m   [0;1mCREATE TABLE `projects` (`id` int(11) DEFAULT NULL auto_increment PRIMARY KEY, `name` varchar(255), `deactivated_at` varchar(255), `description` varchar(255), `created_at` datetime, `updated_at` datetime) ENGINE=InnoDB[0m
  [4;35;1mSQL (91.4ms)[0m   [0mCREATE TABLE `employee_projects` (`id` int(11) DEFAULT NULL auto_increment PRIMARY KEY, `employee_id` int(11), `project_id` int(11), `employee_name` varchar(255), `project_name` varchar(255), `allocated_at` time, `deallocated_at` time, `created_at` datetime, `updated_at` datetime) ENGINE=InnoDB[0m
  [4;36;1mSQL (91.4ms)[0m   [0;1mCREATE TABLE `timesheets` (`id` int(11) DEFAULT NULL auto_increment PRIMARY KEY, `employee_id` int(11), `project_id` int(11), `employee_name` varchar(255), `project_name` varchar(255), `description` varchar(255), `duration` time, `date` date, `created_at` datetime, `updated_at` datetime) ENGINE=InnoDB[0m
  [4;35;1mSQL (49.9ms)[0m   [0mINSERT INTO schema_migrations (version) VALUES ('20100913082815')[0m
  [4;36;1mSQL (0.3ms)[0m   [0;1mSHOW TABLES[0m
  [4;35;1mSQL (0.1ms)[0m   [0mSELECT version FROM schema_migrations[0m
  [4;36;1mSQL (0.2ms)[0m   [0;1mSHOW TABLES[0m
  [4;35;1mSQL (1.0ms)[0m   [0mSHOW FIELDS FROM `employee_projects`[0m
  [4;36;1mSQL (0.6ms)[0m   [0;1mdescribe `employee_projects`[0m
  [4;35;1mSQL (0.2ms)[0m   [0mSHOW KEYS FROM `employee_projects`[0m
  [4;36;1mSQL (0.7ms)[0m   [0;1mSHOW FIELDS FROM `employees`[0m
  [4;35;1mSQL (0.6ms)[0m   [0mdescribe `employees`[0m
  [4;36;1mSQL (0.2ms)[0m   [0;1mSHOW KEYS FROM `employees`[0m
  [4;35;1mSQL (0.6ms)[0m   [0mSHOW FIELDS FROM `projects`[0m
  [4;36;1mSQL (0.6ms)[0m   [0;1mdescribe `projects`[0m
  [4;35;1mSQL (0.2ms)[0m   [0mSHOW KEYS FROM `projects`[0m
  [4;36;1mSQL (0.7ms)[0m   [0;1mSHOW FIELDS FROM `timesheets`[0m
  [4;35;1mSQL (0.6ms)[0m   [0mdescribe `timesheets`[0m
  [4;36;1mSQL (0.2ms)[0m   [0;1mSHOW KEYS FROM `timesheets`[0m
  [4;35;1mSQL (0.7ms)[0m   [0mSHOW FIELDS FROM `users`[0m
  [4;36;1mSQL (0.6ms)[0m   [0;1mdescribe `users`[0m
  [4;35;1mSQL (0.2ms)[0m   [0mSHOW KEYS FROM `users`[0m
  [4;36;1mSQL (0.1ms)[0m   [0;1mSET NAMES 'utf8'[0m
  [4;35;1mSQL (0.1ms)[0m   [0mSET SQL_AUTO_IS_NULL=0[0m


Processing UsersController#login (for 127.0.0.1 at 2011-02-02 10:38:59) [GET]
Rendering template within layouts/users
Rendering users/login
Completed in 125ms (View: 104, DB: 0) | 200 OK [http://localhost/]
  [4;36;1mSQL (0.1ms)[0m   [0;1mSET NAMES 'utf8'[0m
  [4;35;1mSQL (0.1ms)[0m   [0mSET SQL_AUTO_IS_NULL=0[0m


Processing UsersController#login (for 127.0.0.1 at 2011-02-02 10:39:10) [POST]
  Parameters: {"commit"=>"Login", "url"=>{"action"=>"login"}, "authenticity_token"=>"fJpE5H+LkX8Dom2nAVZGDeHCw6TRhKGFvf9wlke2/Bk=", "username"=>"gauravsaini2", "password"=>"password1"}
  [4;36;1mUser Columns (1.0ms)[0m   [0;1mSHOW FIELDS FROM `users`[0m
  [4;35;1mUser Load (0.3ms)[0m   [0mSELECT * FROM `users` WHERE (`users`.`username` = 'gauravsaini2') LIMIT 1[0m
Rendering template within layouts/users
Rendering users/login
Completed in 82ms (View: 4, DB: 1) | 200 OK [http://localhost/?url%5Baction%5D=login]
  [4;36;1mSQL (0.1ms)[0m   [0;1mSET NAMES 'utf8'[0m
  [4;35;1mSQL (0.1ms)[0m   [0mSET SQL_AUTO_IS_NULL=0[0m
  [4;36;1mUser Columns (0.6ms)[0m   [0;1mSHOW FIELDS FROM `users`[0m
  [4;35;1mSQL (0.2ms)[0m   [0mSELECT count(*) AS count_all FROM `users` [0m
  [4;36;1mEmployee Columns (0.8ms)[0m   [0;1mSHOW FIELDS FROM `employees`[0m
  [4;35;1mSQL (0.1ms)[0m   [0mBEGIN[0m
  [4;36;1mUser Load (0.2ms)[0m   [0;1mSELECT `users`.id FROM `users` WHERE (`users`.`username` = BINARY 'gauravsaini2') LIMIT 1[0m
  [4;35;1mUser Create (0.2ms)[0m   [0mINSERT INTO `users` (`salt`, `created_at`, `forgot_password_hash`, `updated_at`, `username`, `hashed_password`, `employee_id`, `is_admin`, `is_active`, `confirm_creation_hash`) VALUES('-6127829080.791660168163184', '2011-02-02 05:12:26', NULL, '2011-02-02 05:12:26', 'gauravsaini2', '3de21bc0ee26c511d380e5e6728159fcc13d3772', NULL, NULL, 0, NULL)[0m
  [4;36;1mSQL (48.2ms)[0m   [0;1mCOMMIT[0m
  [4;36;1mSQL (0.1ms)[0m   [0;1mSET NAMES 'utf8'[0m
  [4;35;1mSQL (0.1ms)[0m   [0mSET SQL_AUTO_IS_NULL=0[0m


Processing UsersController#login (for 127.0.0.1 at 2011-02-02 10:43:50) [POST]
  Parameters: {"commit"=>"Login", "url"=>{"action"=>"login"}, "authenticity_token"=>"fJpE5H+LkX8Dom2nAVZGDeHCw6TRhKGFvf9wlke2/Bk=", "username"=>"gauravsaini2", "password"=>"password1"}
  [4;36;1mUser Columns (0.8ms)[0m   [0;1mSHOW FIELDS FROM `users`[0m
  [4;35;1mUser Load (0.2ms)[0m   [0mSELECT * FROM `users` WHERE (`users`.`username` = 'gauravsaini2') LIMIT 1[0m
Redirected to http://localhost:3000/users/home
Completed in 8ms (DB: 1) | 302 Found [http://localhost/?url%5Baction%5D=login]
  [4;36;1mSQL (0.1ms)[0m   [0;1mSET NAMES 'utf8'[0m
  [4;35;1mSQL (0.0ms)[0m   [0mSET SQL_AUTO_IS_NULL=0[0m


Processing UsersController#home (for 127.0.0.1 at 2011-02-02 10:43:50) [GET]
  [4;36;1mUser Columns (0.8ms)[0m   [0;1mSHOW FIELDS FROM `users`[0m
  [4;35;1mUser Load (0.2ms)[0m   [0mSELECT * FROM `users` WHERE (`users`.`id` = 1) LIMIT 1[0m
Rendering template within layouts/users
Rendering users/home
Completed in 33ms (View: 26, DB: 1) | 200 OK [http://localhost/users/home]
  [4;36;1mSQL (0.1ms)[0m   [0;1mSET NAMES 'utf8'[0m
  [4;35;1mSQL (0.1ms)[0m   [0mSET SQL_AUTO_IS_NULL=0[0m


Processing TimesheetsController#create (for 127.0.0.1 at 2011-02-02 10:43:57) [GET]
  [4;36;1mUser Columns (0.7ms)[0m   [0;1mSHOW FIELDS FROM `users`[0m
  [4;35;1mUser Load (0.2ms)[0m   [0mSELECT * FROM `users` WHERE (`users`.`id` = 1) LIMIT 1[0m
  [4;36;1mEmployee Columns (0.5ms)[0m   [0;1mSHOW FIELDS FROM `employees`[0m
  [4;35;1mEmployee Load (0.1ms)[0m   [0mSELECT * FROM `employees` WHERE (`employees`.`id` IS NULL) LIMIT 1[0m

NoMethodError (undefined method `projects' for nil:NilClass):
  app/controllers/timesheets_controller.rb:6:in `create'

Rendered rescues/_trace (29.2ms)
Rendered rescues/_request_and_response (0.9ms)
Rendering rescues/layout (internal_server_error)
  [4;36;1mSQL (0.1ms)[0m   [0;1mSET NAMES 'utf8'[0m
  [4;35;1mSQL (0.1ms)[0m   [0mSET SQL_AUTO_IS_NULL=0[0m


Processing TimesheetsController#view (for 127.0.0.1 at 2011-02-02 10:44:02) [GET]
  [4;36;1mUser Columns (0.7ms)[0m   [0;1mSHOW FIELDS FROM `users`[0m
  [4;35;1mUser Load (0.2ms)[0m   [0mSELECT * FROM `users` WHERE (`users`.`id` = 1) LIMIT 1[0m
  [4;36;1mTimesheet Load (0.2ms)[0m   [0;1mSELECT * FROM `timesheets` WHERE (`timesheets`.`date` = '2011-02-02' AND `timesheets`.`employee_id` IS NULL) [0m
Rendering template within layouts/users
Rendering timesheets/view
  [4;35;1mProject Load (0.3ms)[0m   [0mSELECT * FROM `projects` [0m
Rendered timesheets/_sheet (50.4ms)
Completed in 206ms (View: 174, DB: 2) | 200 OK [http://localhost/timesheets/view]
  [4;36;1mSQL (0.1ms)[0m   [0;1mSET NAMES 'utf8'[0m
  [4;35;1mSQL (0.0ms)[0m   [0mSET SQL_AUTO_IS_NULL=0[0m


Processing TimesheetsController#sort_it (for 127.0.0.1 at 2011-02-02 10:44:41) [POST]
  Parameters: {"authenticity_token"=>"fJpE5H+LkX8Dom2nAVZGDeHCw6TRhKGFvf9wlke2/Bk=", "id"=>"p"}
  [4;36;1mUser Columns (0.7ms)[0m   [0;1mSHOW FIELDS FROM `users`[0m
  [4;35;1mUser Load (0.2ms)[0m   [0mSELECT * FROM `users` WHERE (`users`.`id` = 1) LIMIT 1[0m

NoMethodError (You have a nil object when you didn't expect it!
You might have expected an instance of Array.
The error occurred while evaluating nil.each):
  app/controllers/timesheets_controller.rb:87:in `sort_it'

Rendered rescues/_trace (29.0ms)
Rendered rescues/_request_and_response (0.2ms)
Rendering rescues/layout (internal_server_error)
  [4;36;1mSQL (0.1ms)[0m   [0;1mSET NAMES 'utf8'[0m
  [4;35;1mSQL (0.1ms)[0m   [0mSET SQL_AUTO_IS_NULL=0[0m


Processing TimesheetsController#view (for 127.0.0.1 at 2011-02-02 10:44:48) [GET]
  [4;36;1mUser Columns (0.7ms)[0m   [0;1mSHOW FIELDS FROM `users`[0m
  [4;35;1mUser Load (0.2ms)[0m   [0mSELECT * FROM `users` WHERE (`users`.`id` = 1) LIMIT 1[0m
  [4;36;1mTimesheet Load (0.1ms)[0m   [0;1mSELECT * FROM `timesheets` WHERE (`timesheets`.`date` = '2011-02-02' AND `timesheets`.`employee_id` IS NULL) [0m
Rendering template within layouts/users
Rendering timesheets/view
  [4;35;1mProject Load (0.1ms)[0m   [0mSELECT * FROM `projects` [0m
Rendered timesheets/_sheet (1.8ms)
Completed in 22ms (View: 13, DB: 1) | 200 OK [http://localhost/timesheets/view]
  [4;36;1mSQL (0.1ms)[0m   [0;1mSET NAMES 'utf8'[0m
  [4;35;1mSQL (0.1ms)[0m   [0mSET SQL_AUTO_IS_NULL=0[0m


Processing UsersController#home (for 127.0.0.1 at 2011-02-02 10:45:26) [GET]
  [4;36;1mUser Columns (0.9ms)[0m   [0;1mSHOW FIELDS FROM `users`[0m
  [4;35;1mUser Load (0.2ms)[0m   [0mSELECT * FROM `users` WHERE (`users`.`id` = 1) LIMIT 1[0m
Rendering template within layouts/users
Rendering users/home
Completed in 59ms (View: 3, DB: 1) | 200 OK [http://localhost/users/home]
  [4;36;1mSQL (0.1ms)[0m   [0;1mSET NAMES 'utf8'[0m
  [4;35;1mSQL (0.1ms)[0m   [0mSET SQL_AUTO_IS_NULL=0[0m


Processing ProjectsController#projects_allocated_to_employee (for 127.0.0.1 at 2011-02-02 10:45:29) [GET]
  [4;36;1mEmployeeProject Load (0.2ms)[0m   [0;1mSELECT * FROM `employee_projects` WHERE (`employee_projects`.`employee_id` IS NULL) [0m
Rendering template within layouts/users
Rendering projects/projects_allocated_to_employee
Completed in 21ms (View: 17, DB: 0) | 200 OK [http://localhost/projects/projects_allocated_to_employee]
  [4;35;1mSQL (0.1ms)[0m   [0mSET NAMES 'utf8'[0m
  [4;36;1mSQL (0.1ms)[0m   [0;1mSET SQL_AUTO_IS_NULL=0[0m


Processing UsersController#change_password (for 127.0.0.1 at 2011-02-02 10:45:34) [GET]
  [4;35;1mUser Columns (0.8ms)[0m   [0mSHOW FIELDS FROM `users`[0m
  [4;36;1mUser Load (0.2ms)[0m   [0;1mSELECT * FROM `users` WHERE (`users`.`id` = 1) LIMIT 1[0m
Rendering template within layouts/users
Rendering users/change_password
Completed in 13ms (View: 7, DB: 1) | 200 OK [http://localhost/users/change_password]
  [4;35;1mSQL (0.1ms)[0m   [0mSET NAMES 'utf8'[0m
  [4;36;1mSQL (0.1ms)[0m   [0;1mSET SQL_AUTO_IS_NULL=0[0m


Processing UsersController#logout (for 127.0.0.1 at 2011-02-02 10:45:42) [GET]
Redirected to http://localhost:3000/
Completed in 1ms (DB: 0) | 302 Found [http://localhost/users/logout]
  [4;35;1mSQL (0.1ms)[0m   [0mSET NAMES 'utf8'[0m
  [4;36;1mSQL (0.0ms)[0m   [0;1mSET SQL_AUTO_IS_NULL=0[0m


Processing UsersController#login (for 127.0.0.1 at 2011-02-02 10:45:42) [GET]
Rendering template within layouts/users
Rendering users/login
Completed in 4ms (View: 3, DB: 0) | 200 OK [http://localhost/]
  [4;35;1mUser Load (0.3ms)[0m   [0mSELECT * FROM `users` LIMIT 1[0m
  [4;36;1mSQL (0.1ms)[0m   [0;1mBEGIN[0m
  [4;35;1mUser Load (0.3ms)[0m   [0mSELECT `users`.id FROM `users` WHERE (`users`.`username` = BINARY 'gauravsaini2' AND `users`.id <> 1) LIMIT 1[0m
  [4;36;1mSQL (0.1ms)[0m   [0;1mROLLBACK[0m
  [4;35;1mSQL (0.1ms)[0m   [0mBEGIN[0m
  [4;36;1mUser Load (0.3ms)[0m   [0;1mSELECT `users`.id FROM `users` WHERE (`users`.`username` = BINARY 'gauravsaini2' AND `users`.id <> 1) LIMIT 1[0m
  [4;35;1mUser Update (0.2ms)[0m   [0mUPDATE `users` SET `updated_at` = '2011-02-02 05:17:14', `salt` = '-6127991580.775984094916844', `is_admin` = 1, `hashed_password` = '8b079e3c0d2a7b6d72baeb2446fda4affee32a95' WHERE `id` = 1[0m
  [4;36;1mSQL (48.4ms)[0m   [0;1mCOMMIT[0m
  [4;35;1mSQL (0.1ms)[0m   [0mSET NAMES 'utf8'[0m
  [4;36;1mSQL (0.0ms)[0m   [0;1mSET SQL_AUTO_IS_NULL=0[0m


Processing UsersController#login (for 127.0.0.1 at 2011-02-02 10:47:25) [POST]
  Parameters: {"commit"=>"Login", "url"=>{"action"=>"login"}, "authenticity_token"=>"fJpE5H+LkX8Dom2nAVZGDeHCw6TRhKGFvf9wlke2/Bk=", "username"=>"gauravsaini2", "password"=>"password1"}
  [4;35;1mUser Columns (25.3ms)[0m   [0mSHOW FIELDS FROM `users`[0m
  [4;36;1mUser Load (0.2ms)[0m   [0;1mSELECT * FROM `users` WHERE (`users`.`username` = 'gauravsaini2') LIMIT 1[0m
Redirected to http://localhost:3000/users/home
Completed in 33ms (DB: 26) | 302 Found [http://localhost/?url%5Baction%5D=login]
  [4;35;1mSQL (0.1ms)[0m   [0mSET NAMES 'utf8'[0m
  [4;36;1mSQL (0.1ms)[0m   [0;1mSET SQL_AUTO_IS_NULL=0[0m


Processing UsersController#home (for 127.0.0.1 at 2011-02-02 10:47:25) [GET]
  [4;35;1mUser Columns (0.7ms)[0m   [0mSHOW FIELDS FROM `users`[0m
  [4;36;1mUser Load (0.2ms)[0m   [0;1mSELECT * FROM `users` WHERE (`users`.`id` = 1) LIMIT 1[0m
Rendering template within layouts/users
Rendering users/home
Completed in 10ms (View: 3, DB: 1) | 200 OK [http://localhost/users/home]
  [4;35;1mSQL (0.1ms)[0m   [0mSET NAMES 'utf8'[0m
  [4;36;1mSQL (0.1ms)[0m   [0;1mSET SQL_AUTO_IS_NULL=0[0m


Processing EmployeesController#list (for 127.0.0.1 at 2011-02-02 10:47:29) [GET]
  [4;35;1mUser Columns (0.7ms)[0m   [0mSHOW FIELDS FROM `users`[0m
  [4;36;1mUser Load (0.2ms)[0m   [0;1mSELECT * FROM `users` WHERE (`users`.`id` = 1) LIMIT 1[0m
  [4;35;1mEmployee Load (0.1ms)[0m   [0mSELECT * FROM `employees` [0m
Redirected to http://localhost:3000/users/home
Completed in 11ms (DB: 1) | 302 Found [http://localhost/employees/list]
  [4;36;1mSQL (0.1ms)[0m   [0;1mSET NAMES 'utf8'[0m
  [4;35;1mSQL (0.0ms)[0m   [0mSET SQL_AUTO_IS_NULL=0[0m


Processing UsersController#home (for 127.0.0.1 at 2011-02-02 10:47:29) [GET]
  [4;36;1mUser Columns (0.7ms)[0m   [0;1mSHOW FIELDS FROM `users`[0m
  [4;35;1mUser Load (0.2ms)[0m   [0mSELECT * FROM `users` WHERE (`users`.`id` = 1) LIMIT 1[0m
Rendering template within layouts/users
Rendering users/home
Completed in 9ms (View: 3, DB: 1) | 200 OK [http://localhost/users/home]
  [4;36;1mSQL (0.1ms)[0m   [0;1mSET NAMES 'utf8'[0m
  [4;35;1mSQL (0.1ms)[0m   [0mSET SQL_AUTO_IS_NULL=0[0m


Processing ProjectsController#list (for 127.0.0.1 at 2011-02-02 10:47:34) [GET]
  [4;36;1mUser Columns (0.6ms)[0m   [0;1mSHOW FIELDS FROM `users`[0m
  [4;35;1mUser Load (0.2ms)[0m   [0mSELECT * FROM `users` WHERE (`users`.`id` = 1) LIMIT 1[0m
  [4;36;1mProject Load (0.1ms)[0m   [0;1mSELECT * FROM `projects` [0m
Redirected to http://localhost:3000/users/home
Completed in 9ms (DB: 1) | 302 Found [http://localhost/projects/list]
  [4;35;1mSQL (0.1ms)[0m   [0mSET NAMES 'utf8'[0m
  [4;36;1mSQL (0.0ms)[0m   [0;1mSET SQL_AUTO_IS_NULL=0[0m


Processing UsersController#home (for 127.0.0.1 at 2011-02-02 10:47:34) [GET]
  [4;35;1mUser Columns (0.7ms)[0m   [0mSHOW FIELDS FROM `users`[0m
  [4;36;1mUser Load (0.2ms)[0m   [0;1mSELECT * FROM `users` WHERE (`users`.`id` = 1) LIMIT 1[0m
Rendering template within layouts/users
Rendering users/home
Completed in 9ms (View: 2, DB: 1) | 200 OK [http://localhost/users/home]
  [4;35;1mSQL (0.1ms)[0m   [0mSET NAMES 'utf8'[0m
  [4;36;1mSQL (0.1ms)[0m   [0;1mSET SQL_AUTO_IS_NULL=0[0m


Processing EmployeesController#list (for 127.0.0.1 at 2011-02-02 10:47:37) [GET]
  [4;35;1mUser Columns (0.8ms)[0m   [0mSHOW FIELDS FROM `users`[0m
  [4;36;1mUser Load (0.3ms)[0m   [0;1mSELECT * FROM `users` WHERE (`users`.`id` = 1) LIMIT 1[0m
  [4;35;1mEmployee Load (0.1ms)[0m   [0mSELECT * FROM `employees` [0m
Redirected to http://localhost:3000/users/home
Completed in 16ms (DB: 1) | 302 Found [http://localhost/employees/list]
  [4;36;1mSQL (0.1ms)[0m   [0;1mSET NAMES 'utf8'[0m
  [4;35;1mSQL (0.0ms)[0m   [0mSET SQL_AUTO_IS_NULL=0[0m


Processing UsersController#home (for 127.0.0.1 at 2011-02-02 10:47:37) [GET]
  [4;36;1mUser Columns (0.7ms)[0m   [0;1mSHOW FIELDS FROM `users`[0m
  [4;35;1mUser Load (0.2ms)[0m   [0mSELECT * FROM `users` WHERE (`users`.`id` = 1) LIMIT 1[0m
Rendering template within layouts/users
Rendering users/home
Completed in 10ms (View: 3, DB: 1) | 200 OK [http://localhost/users/home]
  [4;36;1mSQL (0.1ms)[0m   [0;1mSET NAMES 'utf8'[0m
  [4;35;1mSQL (0.1ms)[0m   [0mSET SQL_AUTO_IS_NULL=0[0m


Processing ProjectsController#list (for 127.0.0.1 at 2011-02-02 10:48:09) [GET]
  [4;36;1mUser Columns (0.7ms)[0m   [0;1mSHOW FIELDS FROM `users`[0m
  [4;35;1mUser Load (0.2ms)[0m   [0mSELECT * FROM `users` WHERE (`users`.`id` = 1) LIMIT 1[0m
  [4;36;1mProject Load (0.1ms)[0m   [0;1mSELECT * FROM `projects` [0m
Redirected to http://localhost:3000/users/home
Completed in 9ms (DB: 1) | 302 Found [http://localhost/projects/list]
  [4;35;1mSQL (0.1ms)[0m   [0mSET NAMES 'utf8'[0m
  [4;36;1mSQL (0.0ms)[0m   [0;1mSET SQL_AUTO_IS_NULL=0[0m


Processing UsersController#home (for 127.0.0.1 at 2011-02-02 10:48:09) [GET]
  [4;35;1mUser Columns (0.7ms)[0m   [0mSHOW FIELDS FROM `users`[0m
  [4;36;1mUser Load (0.2ms)[0m   [0;1mSELECT * FROM `users` WHERE (`users`.`id` = 1) LIMIT 1[0m
Rendering template within layouts/users
Rendering users/home
Completed in 9ms (View: 3, DB: 1) | 200 OK [http://localhost/users/home]
  [4;35;1mSQL (0.1ms)[0m   [0mSET NAMES 'utf8'[0m
  [4;36;1mSQL (0.1ms)[0m   [0;1mSET SQL_AUTO_IS_NULL=0[0m


Processing ProjectsController#list (for 127.0.0.1 at 2011-02-02 10:48:11) [GET]
  [4;35;1mUser Columns (0.6ms)[0m   [0mSHOW FIELDS FROM `users`[0m
  [4;36;1mUser Load (0.2ms)[0m   [0;1mSELECT * FROM `users` WHERE (`users`.`id` = 1) LIMIT 1[0m
  [4;35;1mProject Load (0.1ms)[0m   [0mSELECT * FROM `projects` [0m
Redirected to http://localhost:3000/users/home
Completed in 9ms (DB: 1) | 302 Found [http://localhost/projects/list]
  [4;36;1mSQL (0.1ms)[0m   [0;1mSET NAMES 'utf8'[0m
  [4;35;1mSQL (0.0ms)[0m   [0mSET SQL_AUTO_IS_NULL=0[0m


Processing UsersController#home (for 127.0.0.1 at 2011-02-02 10:48:11) [GET]
  [4;36;1mUser Columns (0.6ms)[0m   [0;1mSHOW FIELDS FROM `users`[0m
  [4;35;1mUser Load (0.2ms)[0m   [0mSELECT * FROM `users` WHERE (`users`.`id` = 1) LIMIT 1[0m
Rendering template within layouts/users
Rendering users/home
Completed in 9ms (View: 2, DB: 1) | 200 OK [http://localhost/users/home]
  [4;36;1mSQL (0.1ms)[0m   [0;1mSET NAMES 'utf8'[0m
  [4;35;1mSQL (0.1ms)[0m   [0mSET SQL_AUTO_IS_NULL=0[0m


Processing ProjectsController#list (for 127.0.0.1 at 2011-02-02 10:48:12) [GET]
  [4;36;1mUser Columns (0.7ms)[0m   [0;1mSHOW FIELDS FROM `users`[0m
  [4;35;1mUser Load (0.2ms)[0m   [0mSELECT * FROM `users` WHERE (`users`.`id` = 1) LIMIT 1[0m
  [4;36;1mProject Load (0.1ms)[0m   [0;1mSELECT * FROM `projects` [0m
Redirected to http://localhost:3000/users/home
Completed in 10ms (DB: 1) | 302 Found [http://localhost/projects/list]
  [4;35;1mSQL (0.1ms)[0m   [0mSET NAMES 'utf8'[0m
  [4;36;1mSQL (0.1ms)[0m   [0;1mSET SQL_AUTO_IS_NULL=0[0m


Processing UsersController#home (for 127.0.0.1 at 2011-02-02 10:48:12) [GET]
  [4;35;1mUser Columns (0.7ms)[0m   [0mSHOW FIELDS FROM `users`[0m
  [4;36;1mUser Load (0.2ms)[0m   [0;1mSELECT * FROM `users` WHERE (`users`.`id` = 1) LIMIT 1[0m
Rendering template within layouts/users
Rendering users/home
Completed in 9ms (View: 3, DB: 1) | 200 OK [http://localhost/users/home]
  [4;35;1mSQL (0.1ms)[0m   [0mSET NAMES 'utf8'[0m
  [4;36;1mSQL (0.2ms)[0m   [0;1mSET SQL_AUTO_IS_NULL=0[0m


Processing TimesheetsController#view (for 127.0.0.1 at 2011-02-02 10:48:14) [GET]
  [4;35;1mUser Columns (0.7ms)[0m   [0mSHOW FIELDS FROM `users`[0m
  [4;36;1mUser Load (0.2ms)[0m   [0;1mSELECT * FROM `users` WHERE (`users`.`id` = 1) LIMIT 1[0m
  [4;35;1mTimesheet Load (0.1ms)[0m   [0mSELECT * FROM `timesheets` WHERE (`timesheets`.`date` = '2011-02-02') [0m
Rendering template within layouts/users
Rendering timesheets/view
  [4;36;1mProject Load (0.1ms)[0m   [0;1mSELECT * FROM `projects` [0m
  [4;35;1mEmployee Load (0.1ms)[0m   [0mSELECT * FROM `employees` [0m
Rendered timesheets/_sheet (2.4ms)
Completed in 26ms (View: 17, DB: 1) | 200 OK [http://localhost/timesheets/view]
  [4;36;1mSQL (0.1ms)[0m   [0;1mSET NAMES 'utf8'[0m
  [4;35;1mSQL (0.1ms)[0m   [0mSET SQL_AUTO_IS_NULL=0[0m


Processing ProjectsController#list (for 127.0.0.1 at 2011-02-02 10:48:45) [GET]
  [4;36;1mUser Columns (0.7ms)[0m   [0;1mSHOW FIELDS FROM `users`[0m
  [4;35;1mUser Load (0.2ms)[0m   [0mSELECT * FROM `users` WHERE (`users`.`id` = 1) LIMIT 1[0m
  [4;36;1mProject Load (0.1ms)[0m   [0;1mSELECT * FROM `projects` [0m
Redirected to http://localhost:3000/users/home
Completed in 9ms (DB: 1) | 302 Found [http://localhost/projects/list]
  [4;35;1mSQL (0.1ms)[0m   [0mSET NAMES 'utf8'[0m
  [4;36;1mSQL (0.0ms)[0m   [0;1mSET SQL_AUTO_IS_NULL=0[0m


Processing UsersController#home (for 127.0.0.1 at 2011-02-02 10:48:45) [GET]
  [4;35;1mUser Columns (0.8ms)[0m   [0mSHOW FIELDS FROM `users`[0m
  [4;36;1mUser Load (0.2ms)[0m   [0;1mSELECT * FROM `users` WHERE (`users`.`id` = 1) LIMIT 1[0m
Rendering template within layouts/users
Rendering users/home
Completed in 10ms (View: 3, DB: 1) | 200 OK [http://localhost/users/home]
  [4;35;1mSQL (0.1ms)[0m   [0mSET NAMES 'utf8'[0m
  [4;36;1mSQL (0.1ms)[0m   [0;1mSET SQL_AUTO_IS_NULL=0[0m


Processing UsersController#home (for 127.0.0.1 at 2011-02-02 10:50:18) [GET]
  [4;35;1mUser Columns (0.7ms)[0m   [0mSHOW FIELDS FROM `users`[0m
  [4;36;1mUser Load (0.2ms)[0m   [0;1mSELECT * FROM `users` WHERE (`users`.`id` = 1) LIMIT 1[0m
Rendering template within layouts/users
Rendering users/home
Completed in 10ms (View: 3, DB: 1) | 200 OK [http://localhost/users/home]
  [4;35;1mSQL (0.1ms)[0m   [0mSET NAMES 'utf8'[0m
  [4;36;1mSQL (0.1ms)[0m   [0;1mSET SQL_AUTO_IS_NULL=0[0m


Processing ApplicationController#list (for 127.0.0.1 at 2011-02-02 10:50:20) [GET]

SyntaxError (/opt/projects/timesheet/app/controllers/projects_controller.rb:121: syntax error, unexpected kEND, expecting $end):
  

Rendered rescues/_trace (26.7ms)
Rendered rescues/_request_and_response (0.2ms)
Rendering rescues/layout (internal_server_error)
  [4;35;1mSQL (0.1ms)[0m   [0mSET NAMES 'utf8'[0m
  [4;36;1mSQL (0.0ms)[0m   [0;1mSET SQL_AUTO_IS_NULL=0[0m


Processing UsersController#home (for 127.0.0.1 at 2011-02-02 10:50:30) [GET]
  [4;35;1mUser Columns (0.7ms)[0m   [0mSHOW FIELDS FROM `users`[0m
  [4;36;1mUser Load (0.2ms)[0m   [0;1mSELECT * FROM `users` WHERE (`users`.`id` = 1) LIMIT 1[0m
Rendering template within layouts/users
Rendering users/home
Completed in 9ms (View: 2, DB: 1) | 200 OK [http://localhost/users/home]
  [4;35;1mSQL (0.1ms)[0m   [0mSET NAMES 'utf8'[0m
  [4;36;1mSQL (0.1ms)[0m   [0;1mSET SQL_AUTO_IS_NULL=0[0m


Processing ProjectsController#list (for 127.0.0.1 at 2011-02-02 10:50:32) [GET]
  [4;35;1mUser Columns (0.8ms)[0m   [0mSHOW FIELDS FROM `users`[0m
  [4;36;1mUser Load (0.2ms)[0m   [0;1mSELECT * FROM `users` WHERE (`users`.`id` = 1) LIMIT 1[0m
  [4;35;1mProject Load (0.1ms)[0m   [0mSELECT * FROM `projects` [0m
Rendering template within layouts/users
Rendering projects/list
Completed in 32ms (View: 22, DB: 1) | 200 OK [http://localhost/projects/list]
  [4;36;1mSQL (0.1ms)[0m   [0;1mSET NAMES 'utf8'[0m
  [4;35;1mSQL (0.1ms)[0m   [0mSET SQL_AUTO_IS_NULL=0[0m


Processing ProjectsController#create (for 127.0.0.1 at 2011-02-02 10:50:37) [GET]
  [4;36;1mUser Columns (0.7ms)[0m   [0;1mSHOW FIELDS FROM `users`[0m
  [4;35;1mUser Load (0.2ms)[0m   [0mSELECT * FROM `users` WHERE (`users`.`id` = 1) LIMIT 1[0m
Rendering template within layouts/users
Rendering projects/create
  [4;36;1mEmployee Load (0.2ms)[0m   [0;1mSELECT * FROM `employees` [0m
Completed in 16ms (View: 9, DB: 1) | 200 OK [http://localhost/projects/create]
  [4;35;1mSQL (0.1ms)[0m   [0mSET NAMES 'utf8'[0m
  [4;36;1mSQL (0.2ms)[0m   [0;1mSET SQL_AUTO_IS_NULL=0[0m


Processing UsersController#home (for 127.0.0.1 at 2011-02-02 10:51:48) [GET]
  [4;35;1mUser Columns (0.6ms)[0m   [0mSHOW FIELDS FROM `users`[0m
  [4;36;1mUser Load (0.2ms)[0m   [0;1mSELECT * FROM `users` WHERE (`users`.`id` = 1) LIMIT 1[0m
Rendering template within layouts/users
Rendering users/home
Completed in 9ms (View: 3, DB: 1) | 200 OK [http://localhost/users/home]
  [4;35;1mSQL (0.1ms)[0m   [0mSET NAMES 'utf8'[0m
  [4;36;1mSQL (0.1ms)[0m   [0;1mSET SQL_AUTO_IS_NULL=0[0m


Processing EmployeesController#list (for 127.0.0.1 at 2011-02-02 10:52:13) [GET]
  [4;35;1mUser Columns (0.6ms)[0m   [0mSHOW FIELDS FROM `users`[0m
  [4;36;1mUser Load (0.2ms)[0m   [0;1mSELECT * FROM `users` WHERE (`users`.`id` = 1) LIMIT 1[0m
  [4;35;1mEmployee Load (0.1ms)[0m   [0mSELECT * FROM `employees` [0m
Rendering template within layouts/users
Rendering employees/list
Completed in 29ms (View: 19, DB: 1) | 200 OK [http://localhost/employees/list]
  [4;36;1mSQL (0.1ms)[0m   [0;1mSET NAMES 'utf8'[0m
  [4;35;1mSQL (0.1ms)[0m   [0mSET SQL_AUTO_IS_NULL=0[0m


Processing EmployeesController#create (for 127.0.0.1 at 2011-02-02 10:52:17) [GET]
  [4;36;1mEmployee Columns (0.7ms)[0m   [0;1mSHOW FIELDS FROM `employees`[0m
  [4;35;1mProject Load (0.1ms)[0m   [0mSELECT * FROM `projects` [0m
Rendering template within layouts/users
Rendering employees/create
Rendered employees/_employee_form (5.4ms)
  [4;36;1mCACHE (0.0ms)[0m   [0;1mSELECT * FROM `projects` [0m
Completed in 23ms (View: 14, DB: 1) | 200 OK [http://localhost/employees/create]
  [4;35;1mSQL (0.1ms)[0m   [0mSET NAMES 'utf8'[0m
  [4;36;1mSQL (0.1ms)[0m   [0;1mSET SQL_AUTO_IS_NULL=0[0m


Processing EmployeesController#create (for 127.0.0.1 at 2011-02-02 10:52:31) [POST]
  Parameters: {"commit"=>"Save ", "authenticity_token"=>"fJpE5H+LkX8Dom2nAVZGDeHCw6TRhKGFvf9wlke2/Bk=", "emp"=>{"date_of_joining(2i)"=>"2", "date_of_joining(3i)"=>"2", "last_name"=>"asdasd", "date_of_joining(1i)"=>"2011", "email"=>"asdasd@aasdd.com", "first_name"=>"asd"}}
  [4;35;1mEmployee Columns (0.6ms)[0m   [0mSHOW FIELDS FROM `employees`[0m
  [4;36;1mProject Load (0.1ms)[0m   [0;1mSELECT * FROM `projects` [0m
  [4;35;1mUser Columns (0.5ms)[0m   [0mSHOW FIELDS FROM `users`[0m
  [4;36;1mUser Load (0.1ms)[0m   [0;1mSELECT * FROM `users` WHERE (`users`.`id` = 1) LIMIT 1[0m
  [4;35;1mSQL (0.1ms)[0m   [0mBEGIN[0m
  [4;36;1mEmployee Load (0.1ms)[0m   [0;1mSELECT `employees`.id FROM `employees` WHERE (`employees`.`email` = BINARY 'asdasd@aasdd.com') LIMIT 1[0m
  [4;35;1mEmployee Create (0.1ms)[0m   [0mINSERT INTO `employees` (`date_of_leaving`, `created_at`, `date_of_joining`, `updated_at`, `last_name`, `first_name`, `email`) VALUES(NULL, '2011-02-02 05:22:31', '2011-02-01 18:30:00', '2011-02-02 05:22:31', 'asdasd', 'asd', 'asdasd@aasdd.com')[0m
  [4;36;1mSQL (64.3ms)[0m   [0;1mCOMMIT[0m
  [4;35;1mSQL (0.1ms)[0m   [0mBEGIN[0m
  [4;36;1mUser Load (0.2ms)[0m   [0;1mSELECT `users`.id FROM `users` WHERE (`users`.`username` = BINARY 'asdasd@aasdd.com') LIMIT 1[0m
  [4;35;1mUser Create (0.1ms)[0m   [0mINSERT INTO `users` (`salt`, `created_at`, `forgot_password_hash`, `updated_at`, `username`, `hashed_password`, `employee_id`, `is_admin`, `is_active`, `confirm_creation_hash`) VALUES('-6126943780.666740260581082', '2011-02-02 05:22:31', NULL, '2011-02-02 05:22:31', 'asdasd@aasdd.com', 'a9321a8148d72ee560e95d6316c6e5f179698eb1', 1, NULL, 0, '528162737951906599362935')[0m
  [4;36;1mSQL (38.8ms)[0m   [0;1mCOMMIT[0m
Sent mail to asdasd@aasdd.com

Date: Wed, 2 Feb 2011 10:52:31 +0530
From: qc.testing@qualtech-consultants.com
To: asdasd@aasdd.com
Subject: Create Password
Mime-Version: 1.0
Content-Type: text/plain; charset=utf-8

Dear asdasd@aasdd.com
Your account has been created with us successfully now please change your password to have security
To change your password please click on following link
http://localhost:3000/users/forgot_password/528162737951906599362935

Thank You
Redirected to http://localhost:3000/users/home
Completed in 154ms (DB: 105) | 302 Found [http://localhost/employees/create]
  [4;35;1mSQL (0.1ms)[0m   [0mSET NAMES 'utf8'[0m
  [4;36;1mSQL (0.1ms)[0m   [0;1mSET SQL_AUTO_IS_NULL=0[0m


Processing UsersController#home (for 127.0.0.1 at 2011-02-02 10:52:31) [GET]
  [4;35;1mUser Columns (0.7ms)[0m   [0mSHOW FIELDS FROM `users`[0m
  [4;36;1mUser Load (0.2ms)[0m   [0;1mSELECT * FROM `users` WHERE (`users`.`id` = 1) LIMIT 1[0m
Rendering template within layouts/users
Rendering users/home
Completed in 9ms (View: 2, DB: 1) | 200 OK [http://localhost/users/home]
  [4;35;1mSQL (0.1ms)[0m   [0mSET NAMES 'utf8'[0m
  [4;36;1mSQL (0.1ms)[0m   [0;1mSET SQL_AUTO_IS_NULL=0[0m


Processing EmployeesController#list (for 127.0.0.1 at 2011-02-02 10:52:33) [GET]
  [4;35;1mUser Columns (0.8ms)[0m   [0mSHOW FIELDS FROM `users`[0m
  [4;36;1mUser Load (0.2ms)[0m   [0;1mSELECT * FROM `users` WHERE (`users`.`id` = 1) LIMIT 1[0m
  [4;35;1mEmployee Load (0.1ms)[0m   [0mSELECT * FROM `employees` [0m
Rendering template within layouts/users
Rendering employees/list
  [4;36;1mEmployee Columns (0.5ms)[0m   [0;1mSHOW FIELDS FROM `employees`[0m
Completed in 15ms (View: 4, DB: 2) | 200 OK [http://localhost/employees/list]
  [4;35;1mSQL (0.1ms)[0m   [0mSET NAMES 'utf8'[0m
  [4;36;1mSQL (0.1ms)[0m   [0;1mSET SQL_AUTO_IS_NULL=0[0m


Processing UsersController#home (for 127.0.0.1 at 2011-02-02 10:52:38) [GET]
  [4;35;1mUser Columns (0.7ms)[0m   [0mSHOW FIELDS FROM `users`[0m
  [4;36;1mUser Load (0.2ms)[0m   [0;1mSELECT * FROM `users` WHERE (`users`.`id` = 1) LIMIT 1[0m
Rendering template within layouts/users
Rendering users/home
Completed in 9ms (View: 3, DB: 1) | 200 OK [http://localhost/users/home]
  [4;35;1mSQL (0.1ms)[0m   [0mSET NAMES 'utf8'[0m
  [4;36;1mSQL (0.1ms)[0m   [0;1mSET SQL_AUTO_IS_NULL=0[0m


Processing ProjectsController#list (for 127.0.0.1 at 2011-02-02 10:52:39) [GET]
  [4;35;1mUser Columns (0.7ms)[0m   [0mSHOW FIELDS FROM `users`[0m
  [4;36;1mUser Load (0.2ms)[0m   [0;1mSELECT * FROM `users` WHERE (`users`.`id` = 1) LIMIT 1[0m
  [4;35;1mProject Load (0.1ms)[0m   [0mSELECT * FROM `projects` [0m
Rendering template within layouts/users
Rendering projects/list
Completed in 11ms (View: 2, DB: 1) | 200 OK [http://localhost/projects/list]
  [4;36;1mSQL (0.1ms)[0m   [0;1mSET NAMES 'utf8'[0m
  [4;35;1mSQL (0.1ms)[0m   [0mSET SQL_AUTO_IS_NULL=0[0m


Processing ProjectsController#create (for 127.0.0.1 at 2011-02-02 10:52:40) [GET]
  [4;36;1mUser Columns (0.7ms)[0m   [0;1mSHOW FIELDS FROM `users`[0m
  [4;35;1mUser Load (0.2ms)[0m   [0mSELECT * FROM `users` WHERE (`users`.`id` = 1) LIMIT 1[0m
Rendering template within layouts/users
Rendering projects/create
  [4;36;1mEmployee Load (0.1ms)[0m   [0;1mSELECT * FROM `employees` [0m
  [4;35;1mEmployee Columns (0.4ms)[0m   [0mSHOW FIELDS FROM `employees`[0m
Completed in 15ms (View: 7, DB: 2) | 200 OK [http://localhost/projects/create]
  [4;36;1mSQL (0.1ms)[0m   [0;1mSET NAMES 'utf8'[0m
  [4;35;1mSQL (0.1ms)[0m   [0mSET SQL_AUTO_IS_NULL=0[0m


Processing ProjectsController#create (for 127.0.0.1 at 2011-02-02 10:52:45) [POST]
  Parameters: {"commit"=>"Create", "authenticity_token"=>"fJpE5H+LkX8Dom2nAVZGDeHCw6TRhKGFvf9wlke2/Bk=", "project"=>{"name"=>"asdasd", "description"=>"asdasdasdasd"}, "employees"=>["asdasd@aasdd.com"]}
  [4;36;1mUser Columns (0.9ms)[0m   [0;1mSHOW FIELDS FROM `users`[0m
  [4;35;1mUser Load (0.2ms)[0m   [0mSELECT * FROM `users` WHERE (`users`.`id` = 1) LIMIT 1[0m
  [4;36;1mProject Columns (0.7ms)[0m   [0;1mSHOW FIELDS FROM `projects`[0m
  [4;35;1mSQL (0.0ms)[0m   [0mBEGIN[0m
  [4;36;1mProject Load (0.2ms)[0m   [0;1mSELECT `projects`.id FROM `projects` WHERE (`projects`.`name` = BINARY 'asdasd') LIMIT 1[0m
  [4;35;1mProject Create (0.1ms)[0m   [0mINSERT INTO `projects` (`name`, `created_at`, `updated_at`, `deactivated_at`, `description`) VALUES('asdasd', '2011-02-02 05:22:45', '2011-02-02 05:22:45', NULL, 'asdasdasdasd')[0m
  [4;36;1mSQL (51.7ms)[0m   [0;1mCOMMIT[0m
  [4;35;1mEmployee Columns (0.8ms)[0m   [0mSHOW FIELDS FROM `employees`[0m
  [4;36;1mEmployee Load (0.2ms)[0m   [0;1mSELECT * FROM `employees` WHERE (`employees`.`email` = 'asdasd@aasdd.com') LIMIT 1[0m
  [4;35;1mEmployeeProject Columns (0.5ms)[0m   [0mSHOW FIELDS FROM `employee_projects`[0m
  [4;36;1mSQL (0.0ms)[0m   [0;1mBEGIN[0m
  [4;35;1mEmployeeProject Create (0.1ms)[0m   [0mINSERT INTO `employee_projects` (`allocated_at`, `created_at`, `project_id`, `deallocated_at`, `updated_at`, `employee_id`, `employee_name`, `project_name`) VALUES('2011-02-02 10:52:45', '2011-02-02 05:22:45', 1, NULL, '2011-02-02 05:22:45', 1, 'asdasdasd', 'asdasd')[0m
  [4;36;1mSQL (39.1ms)[0m   [0;1mCOMMIT[0m
Redirected to http://localhost:3000/users/home
Completed in 169ms (DB: 95) | 302 Found [http://localhost/projects/create]
  [4;35;1mSQL (0.1ms)[0m   [0mSET NAMES 'utf8'[0m
  [4;36;1mSQL (0.0ms)[0m   [0;1mSET SQL_AUTO_IS_NULL=0[0m


Processing UsersController#home (for 127.0.0.1 at 2011-02-02 10:52:45) [GET]
  [4;35;1mUser Columns (0.8ms)[0m   [0mSHOW FIELDS FROM `users`[0m
  [4;36;1mUser Load (0.2ms)[0m   [0;1mSELECT * FROM `users` WHERE (`users`.`id` = 1) LIMIT 1[0m
Rendering template within layouts/users
Rendering users/home
Completed in 10ms (View: 3, DB: 1) | 200 OK [http://localhost/users/home]
  [4;35;1mSQL (0.1ms)[0m   [0mSET NAMES 'utf8'[0m
  [4;36;1mSQL (0.1ms)[0m   [0;1mSET SQL_AUTO_IS_NULL=0[0m


Processing EmployeesController#list (for 127.0.0.1 at 2011-02-02 10:53:03) [GET]
  [4;35;1mUser Columns (0.7ms)[0m   [0mSHOW FIELDS FROM `users`[0m
  [4;36;1mUser Load (0.2ms)[0m   [0;1mSELECT * FROM `users` WHERE (`users`.`id` = 1) LIMIT 1[0m
  [4;35;1mEmployee Load (0.1ms)[0m   [0mSELECT * FROM `employees` [0m
Rendering template within layouts/users
Rendering employees/list
  [4;36;1mEmployee Columns (0.5ms)[0m   [0;1mSHOW FIELDS FROM `employees`[0m
Completed in 13ms (View: 3, DB: 2) | 200 OK [http://localhost/employees/list]
  [4;35;1mSQL (0.1ms)[0m   [0mSET NAMES 'utf8'[0m
  [4;36;1mSQL (0.1ms)[0m   [0;1mSET SQL_AUTO_IS_NULL=0[0m


Processing EmployeesController#list (for 127.0.0.1 at 2011-02-02 10:53:07) [GET]
  [4;35;1mUser Columns (0.7ms)[0m   [0mSHOW FIELDS FROM `users`[0m
  [4;36;1mUser Load (0.2ms)[0m   [0;1mSELECT * FROM `users` WHERE (`users`.`id` = 1) LIMIT 1[0m
  [4;35;1mEmployee Load (0.1ms)[0m   [0mSELECT * FROM `employees` [0m
Rendering template within layouts/users
Rendering employees/list
  [4;36;1mEmployee Columns (0.5ms)[0m   [0;1mSHOW FIELDS FROM `employees`[0m
Completed in 13ms (View: 3, DB: 2) | 200 OK [http://localhost/employees/list]
  [4;35;1mSQL (0.1ms)[0m   [0mSET NAMES 'utf8'[0m
  [4;36;1mSQL (0.1ms)[0m   [0;1mSET SQL_AUTO_IS_NULL=0[0m


Processing EmployeesController#list (for 127.0.0.1 at 2011-02-02 10:53:11) [GET]
  [4;35;1mUser Columns (0.6ms)[0m   [0mSHOW FIELDS FROM `users`[0m
  [4;36;1mUser Load (0.2ms)[0m   [0;1mSELECT * FROM `users` WHERE (`users`.`id` = 1) LIMIT 1[0m
  [4;35;1mEmployee Load (0.3ms)[0m   [0mSELECT * FROM `employees` [0m
Rendering template within layouts/users
Rendering employees/list
  [4;36;1mEmployee Columns (0.6ms)[0m   [0;1mSHOW FIELDS FROM `employees`[0m
Completed in 61ms (View: 4, DB: 2) | 200 OK [http://localhost/employees/list]
  [4;35;1mSQL (0.1ms)[0m   [0mSET NAMES 'utf8'[0m
  [4;36;1mSQL (0.0ms)[0m   [0;1mSET SQL_AUTO_IS_NULL=0[0m


Processing UsersController#home (for 127.0.0.1 at 2011-02-02 10:53:14) [GET]
  [4;35;1mUser Columns (0.7ms)[0m   [0mSHOW FIELDS FROM `users`[0m
  [4;36;1mUser Load (0.2ms)[0m   [0;1mSELECT * FROM `users` WHERE (`users`.`id` = 1) LIMIT 1[0m
Rendering template within layouts/users
Rendering users/home
Completed in 10ms (View: 3, DB: 1) | 200 OK [http://localhost/users/home]
  [4;35;1mSQL (0.1ms)[0m   [0mSET NAMES 'utf8'[0m
  [4;36;1mSQL (0.1ms)[0m   [0;1mSET SQL_AUTO_IS_NULL=0[0m


Processing ProjectsController#list (for 127.0.0.1 at 2011-02-02 10:53:15) [GET]
  [4;35;1mUser Columns (0.7ms)[0m   [0mSHOW FIELDS FROM `users`[0m
  [4;36;1mUser Load (0.2ms)[0m   [0;1mSELECT * FROM `users` WHERE (`users`.`id` = 1) LIMIT 1[0m
  [4;35;1mProject Load (0.1ms)[0m   [0mSELECT * FROM `projects` [0m
Rendering template within layouts/users
Rendering projects/list
  [4;36;1mProject Columns (0.4ms)[0m   [0;1mSHOW FIELDS FROM `projects`[0m
  [4;35;1mEmployee Load (0.3ms)[0m   [0mSELECT `employees`.* FROM `employees` INNER JOIN `employee_projects` ON `employees`.id = `employee_projects`.employee_id WHERE ((`employee_projects`.project_id = 1)) [0m
  [4;36;1mEmployee Columns (0.7ms)[0m   [0;1mSHOW FIELDS FROM `employees`[0m
Rendered projects/_employee_working (36.2ms)
Completed in 52ms (View: 41, DB: 3) | 200 OK [http://localhost/projects/list]
  [4;35;1mSQL (0.1ms)[0m   [0mSET NAMES 'utf8'[0m
  [4;36;1mSQL (0.1ms)[0m   [0;1mSET SQL_AUTO_IS_NULL=0[0m


Processing ProjectsController#edit (for 127.0.0.1 at 2011-02-02 10:53:28) [GET]
  Parameters: {"id"=>"1"}
  [4;35;1mUser Columns (0.6ms)[0m   [0mSHOW FIELDS FROM `users`[0m
  [4;36;1mUser Load (0.2ms)[0m   [0;1mSELECT * FROM `users` WHERE (`users`.`id` = 1) LIMIT 1[0m
  [4;35;1mProject Columns (0.4ms)[0m   [0mSHOW FIELDS FROM `projects`[0m
  [4;36;1mProject Load (0.1ms)[0m   [0;1mSELECT * FROM `projects` WHERE (`projects`.`id` = '1') LIMIT 1[0m
Rendering template within layouts/users
Rendering projects/edit
  [4;35;1mEmployee Load (0.2ms)[0m   [0mSELECT * FROM `employees` [0m
  [4;36;1mEmployee Columns (0.6ms)[0m   [0;1mSHOW FIELDS FROM `employees`[0m
  [4;35;1mEmployee Load (0.2ms)[0m   [0mSELECT `employees`.* FROM `employees` INNER JOIN `employee_projects` ON `employees`.id = `employee_projects`.employee_id WHERE (`employees`.`id` = 1) AND ((`employee_projects`.project_id = 1)) LIMIT 1[0m
Rendered projects/_employee_list (11.1ms)
Completed in 77ms (View: 67, DB: 2) | 200 OK [http://localhost/projects/edit/1]
  [4;36;1mSQL (0.1ms)[0m   [0;1mSET NAMES 'utf8'[0m
  [4;35;1mSQL (0.0ms)[0m   [0mSET SQL_AUTO_IS_NULL=0[0m


Processing ProjectsController#ajax_action (for 127.0.0.1 at 2011-02-02 10:53:40) [POST]
  Parameters: {"eid"=>"1", "pid"=>"1", "authenticity_token"=>"fJpE5H+LkX8Dom2nAVZGDeHCw6TRhKGFvf9wlke2/Bk="}
  [4;36;1mUser Columns (0.8ms)[0m   [0;1mSHOW FIELDS FROM `users`[0m
  [4;35;1mUser Load (0.2ms)[0m   [0mSELECT * FROM `users` WHERE (`users`.`id` = 1) LIMIT 1[0m
  [4;36;1mEmployee Columns (0.4ms)[0m   [0;1mSHOW FIELDS FROM `employees`[0m
  [4;35;1mEmployee Load (0.1ms)[0m   [0mSELECT * FROM `employees` WHERE (`employees`.`id` = '1') LIMIT 1[0m
  [4;36;1mProject Columns (0.4ms)[0m   [0;1mSHOW FIELDS FROM `projects`[0m
  [4;35;1mProject Load (0.1ms)[0m   [0mSELECT * FROM `projects` WHERE (`projects`.`id` = '1') LIMIT 1[0m
  [4;36;1mEmployeeProject Load (0.1ms)[0m   [0;1mSELECT * FROM `employee_projects` WHERE (`employee_projects`.`employee_id` = 1 AND `employee_projects`.`project_id` = 1) LIMIT 1[0m
  [4;35;1mEmployeeProject Columns (0.4ms)[0m   [0mSHOW FIELDS FROM `employee_projects`[0m
  [4;36;1mEmployeeProject Delete all (56.7ms)[0m   [0;1mDELETE FROM `employee_projects` WHERE (`id` IN (1)) [0m
  [4;35;1mEmployee Load (0.1ms)[0m   [0mSELECT * FROM `employees` [0m
  [4;36;1mEmployee Load (0.2ms)[0m   [0;1mSELECT `employees`.* FROM `employees` INNER JOIN `employee_projects` ON `employees`.id = `employee_projects`.employee_id WHERE (`employees`.`id` = 1) AND ((`employee_projects`.project_id = 1)) LIMIT 1[0m
Rendered projects/_employee_list (4.9ms)
Completed in 79ms (View: 6, DB: 60) | 200 OK [http://localhost/projects/ajax_action?eid=1&pid=1]
  [4;35;1mSQL (0.1ms)[0m   [0mSET NAMES 'utf8'[0m
  [4;36;1mSQL (0.1ms)[0m   [0;1mSET SQL_AUTO_IS_NULL=0[0m


Processing ProjectsController#ajax_action (for 127.0.0.1 at 2011-02-02 10:53:43) [POST]
  Parameters: {"eid"=>"1", "pid"=>"1", "authenticity_token"=>"fJpE5H+LkX8Dom2nAVZGDeHCw6TRhKGFvf9wlke2/Bk="}
  [4;35;1mUser Columns (0.7ms)[0m   [0mSHOW FIELDS FROM `users`[0m
  [4;36;1mUser Load (0.2ms)[0m   [0;1mSELECT * FROM `users` WHERE (`users`.`id` = 1) LIMIT 1[0m
  [4;35;1mEmployee Columns (0.5ms)[0m   [0mSHOW FIELDS FROM `employees`[0m
  [4;36;1mEmployee Load (0.1ms)[0m   [0;1mSELECT * FROM `employees` WHERE (`employees`.`id` = '1') LIMIT 1[0m
  [4;35;1mProject Columns (0.5ms)[0m   [0mSHOW FIELDS FROM `projects`[0m
  [4;36;1mProject Load (0.1ms)[0m   [0;1mSELECT * FROM `projects` WHERE (`projects`.`id` = '1') LIMIT 1[0m
  [4;35;1mEmployeeProject Load (0.1ms)[0m   [0mSELECT * FROM `employee_projects` WHERE (`employee_projects`.`employee_id` = 1 AND `employee_projects`.`project_id` = 1) LIMIT 1[0m
  [4;36;1mEmployeeProject Columns (0.4ms)[0m   [0;1mSHOW FIELDS FROM `employee_projects`[0m
  [4;35;1mSQL (0.0ms)[0m   [0mBEGIN[0m
  [4;36;1mEmployeeProject Create (0.1ms)[0m   [0;1mINSERT INTO `employee_projects` (`allocated_at`, `created_at`, `project_id`, `deallocated_at`, `updated_at`, `employee_id`, `employee_name`, `project_name`) VALUES('2011-02-02 10:53:43', '2011-02-02 05:23:43', 1, NULL, '2011-02-02 05:23:43', 1, 'asdasdasd', 'asdasd')[0m
  [4;35;1mSQL (54.5ms)[0m   [0mCOMMIT[0m
  [4;36;1mEmployee Load (0.1ms)[0m   [0;1mSELECT * FROM `employees` [0m
  [4;35;1mEmployee Load (0.2ms)[0m   [0mSELECT `employees`.* FROM `employees` INNER JOIN `employee_projects` ON `employees`.id = `employee_projects`.employee_id WHERE (`employees`.`id` = 1) AND ((`employee_projects`.project_id = 1)) LIMIT 1[0m
Rendered projects/_employee_list (3.2ms)
Completed in 79ms (View: 4, DB: 58) | 200 OK [http://localhost/projects/ajax_action?eid=1&pid=1]
  [4;36;1mSQL (0.1ms)[0m   [0;1mSET NAMES 'utf8'[0m
  [4;35;1mSQL (0.1ms)[0m   [0mSET SQL_AUTO_IS_NULL=0[0m


Processing ProjectsController#ajax_action (for 127.0.0.1 at 2011-02-02 10:53:46) [POST]
  Parameters: {"eid"=>"1", "pid"=>"1", "authenticity_token"=>"fJpE5H+LkX8Dom2nAVZGDeHCw6TRhKGFvf9wlke2/Bk="}
  [4;36;1mUser Columns (0.6ms)[0m   [0;1mSHOW FIELDS FROM `users`[0m
  [4;35;1mUser Load (0.2ms)[0m   [0mSELECT * FROM `users` WHERE (`users`.`id` = 1) LIMIT 1[0m
  [4;36;1mEmployee Columns (0.8ms)[0m   [0;1mSHOW FIELDS FROM `employees`[0m
  [4;35;1mEmployee Load (0.2ms)[0m   [0mSELECT * FROM `employees` WHERE (`employees`.`id` = '1') LIMIT 1[0m
  [4;36;1mProject Columns (0.4ms)[0m   [0;1mSHOW FIELDS FROM `projects`[0m
  [4;35;1mProject Load (0.1ms)[0m   [0mSELECT * FROM `projects` WHERE (`projects`.`id` = '1') LIMIT 1[0m
  [4;36;1mEmployeeProject Load (0.1ms)[0m   [0;1mSELECT * FROM `employee_projects` WHERE (`employee_projects`.`employee_id` = 1 AND `employee_projects`.`project_id` = 1) LIMIT 1[0m
  [4;35;1mEmployeeProject Columns (0.5ms)[0m   [0mSHOW FIELDS FROM `employee_projects`[0m
  [4;36;1mEmployeeProject Delete all (55.5ms)[0m   [0;1mDELETE FROM `employee_projects` WHERE (`id` IN (2)) [0m
  [4;35;1mEmployee Load (0.1ms)[0m   [0mSELECT * FROM `employees` [0m
  [4;36;1mEmployee Load (0.2ms)[0m   [0;1mSELECT `employees`.* FROM `employees` INNER JOIN `employee_projects` ON `employees`.id = `employee_projects`.employee_id WHERE (`employees`.`id` = 1) AND ((`employee_projects`.project_id = 1)) LIMIT 1[0m
Rendered projects/_employee_list (4.6ms)
Completed in 131ms (View: 5, DB: 59) | 200 OK [http://localhost/projects/ajax_action?eid=1&pid=1]
  [4;35;1mSQL (0.1ms)[0m   [0mSET NAMES 'utf8'[0m
  [4;36;1mSQL (0.1ms)[0m   [0;1mSET SQL_AUTO_IS_NULL=0[0m


Processing ProjectsController#ajax_action (for 127.0.0.1 at 2011-02-02 10:53:47) [POST]
  Parameters: {"eid"=>"1", "pid"=>"1", "authenticity_token"=>"fJpE5H+LkX8Dom2nAVZGDeHCw6TRhKGFvf9wlke2/Bk="}
  [4;35;1mUser Columns (0.7ms)[0m   [0mSHOW FIELDS FROM `users`[0m
  [4;36;1mUser Load (0.2ms)[0m   [0;1mSELECT * FROM `users` WHERE (`users`.`id` = 1) LIMIT 1[0m
  [4;35;1mEmployee Columns (0.5ms)[0m   [0mSHOW FIELDS FROM `employees`[0m
  [4;36;1mEmployee Load (0.1ms)[0m   [0;1mSELECT * FROM `employees` WHERE (`employees`.`id` = '1') LIMIT 1[0m
  [4;35;1mProject Columns (0.4ms)[0m   [0mSHOW FIELDS FROM `projects`[0m
  [4;36;1mProject Load (0.1ms)[0m   [0;1mSELECT * FROM `projects` WHERE (`projects`.`id` = '1') LIMIT 1[0m
  [4;35;1mEmployeeProject Load (0.1ms)[0m   [0mSELECT * FROM `employee_projects` WHERE (`employee_projects`.`employee_id` = 1 AND `employee_projects`.`project_id` = 1) LIMIT 1[0m
  [4;36;1mEmployeeProject Columns (0.4ms)[0m   [0;1mSHOW FIELDS FROM `employee_projects`[0m
  [4;35;1mSQL (0.0ms)[0m   [0mBEGIN[0m
  [4;36;1mEmployeeProject Create (0.1ms)[0m   [0;1mINSERT INTO `employee_projects` (`allocated_at`, `created_at`, `project_id`, `deallocated_at`, `updated_at`, `employee_id`, `employee_name`, `project_name`) VALUES('2011-02-02 10:53:47', '2011-02-02 05:23:47', 1, NULL, '2011-02-02 05:23:47', 1, 'asdasdasd', 'asdasd')[0m
  [4;35;1mSQL (47.7ms)[0m   [0mCOMMIT[0m
  [4;36;1mEmployee Load (0.1ms)[0m   [0;1mSELECT * FROM `employees` [0m
  [4;35;1mEmployee Load (0.2ms)[0m   [0mSELECT `employees`.* FROM `employees` INNER JOIN `employee_projects` ON `employees`.id = `employee_projects`.employee_id WHERE (`employees`.`id` = 1) AND ((`employee_projects`.project_id = 1)) LIMIT 1[0m
Rendered projects/_employee_list (3.3ms)
Completed in 73ms (View: 4, DB: 51) | 200 OK [http://localhost/projects/ajax_action?eid=1&pid=1]
  [4;36;1mSQL (0.1ms)[0m   [0;1mSET NAMES 'utf8'[0m
  [4;35;1mSQL (0.1ms)[0m   [0mSET SQL_AUTO_IS_NULL=0[0m


Processing ProjectsController#ajax_action (for 127.0.0.1 at 2011-02-02 10:53:48) [POST]
  Parameters: {"eid"=>"1", "pid"=>"1", "authenticity_token"=>"fJpE5H+LkX8Dom2nAVZGDeHCw6TRhKGFvf9wlke2/Bk="}
  [4;36;1mUser Columns (0.7ms)[0m   [0;1mSHOW FIELDS FROM `users`[0m
  [4;35;1mUser Load (0.2ms)[0m   [0mSELECT * FROM `users` WHERE (`users`.`id` = 1) LIMIT 1[0m
  [4;36;1mEmployee Columns (0.5ms)[0m   [0;1mSHOW FIELDS FROM `employees`[0m
  [4;35;1mEmployee Load (0.1ms)[0m   [0mSELECT * FROM `employees` WHERE (`employees`.`id` = '1') LIMIT 1[0m
  [4;36;1mProject Columns (0.4ms)[0m   [0;1mSHOW FIELDS FROM `projects`[0m
  [4;35;1mProject Load (0.1ms)[0m   [0mSELECT * FROM `projects` WHERE (`projects`.`id` = '1') LIMIT 1[0m
  [4;36;1mEmployeeProject Load (0.1ms)[0m   [0;1mSELECT * FROM `employee_projects` WHERE (`employee_projects`.`employee_id` = 1 AND `employee_projects`.`project_id` = 1) LIMIT 1[0m
  [4;35;1mEmployeeProject Columns (0.4ms)[0m   [0mSHOW FIELDS FROM `employee_projects`[0m
  [4;36;1mEmployeeProject Delete all (39.7ms)[0m   [0;1mDELETE FROM `employee_projects` WHERE (`id` IN (3)) [0m
  [4;35;1mEmployee Load (0.1ms)[0m   [0mSELECT * FROM `employees` [0m
  [4;36;1mEmployee Load (0.2ms)[0m   [0;1mSELECT `employees`.* FROM `employees` INNER JOIN `employee_projects` ON `employees`.id = `employee_projects`.employee_id WHERE (`employees`.`id` = 1) AND ((`employee_projects`.project_id = 1)) LIMIT 1[0m
Rendered projects/_employee_list (4.2ms)
Completed in 62ms (View: 5, DB: 43) | 200 OK [http://localhost/projects/ajax_action?eid=1&pid=1]
  [4;35;1mSQL (0.1ms)[0m   [0mSET NAMES 'utf8'[0m
  [4;36;1mSQL (0.1ms)[0m   [0;1mSET SQL_AUTO_IS_NULL=0[0m


Processing ProjectsController#ajax_action (for 127.0.0.1 at 2011-02-02 10:53:49) [POST]
  Parameters: {"eid"=>"1", "pid"=>"1", "authenticity_token"=>"fJpE5H+LkX8Dom2nAVZGDeHCw6TRhKGFvf9wlke2/Bk="}
  [4;35;1mUser Columns (0.7ms)[0m   [0mSHOW FIELDS FROM `users`[0m
  [4;36;1mUser Load (0.2ms)[0m   [0;1mSELECT * FROM `users` WHERE (`users`.`id` = 1) LIMIT 1[0m
  [4;35;1mEmployee Columns (0.4ms)[0m   [0mSHOW FIELDS FROM `employees`[0m
  [4;36;1mEmployee Load (0.1ms)[0m   [0;1mSELECT * FROM `employees` WHERE (`employees`.`id` = '1') LIMIT 1[0m
  [4;35;1mProject Columns (0.4ms)[0m   [0mSHOW FIELDS FROM `projects`[0m
  [4;36;1mProject Load (0.1ms)[0m   [0;1mSELECT * FROM `projects` WHERE (`projects`.`id` = '1') LIMIT 1[0m
  [4;35;1mEmployeeProject Load (0.1ms)[0m   [0mSELECT * FROM `employee_projects` WHERE (`employee_projects`.`employee_id` = 1 AND `employee_projects`.`project_id` = 1) LIMIT 1[0m
  [4;36;1mEmployeeProject Columns (0.4ms)[0m   [0;1mSHOW FIELDS FROM `employee_projects`[0m
  [4;35;1mSQL (0.0ms)[0m   [0mBEGIN[0m
  [4;36;1mEmployeeProject Create (0.1ms)[0m   [0;1mINSERT INTO `employee_projects` (`allocated_at`, `created_at`, `project_id`, `deallocated_at`, `updated_at`, `employee_id`, `employee_name`, `project_name`) VALUES('2011-02-02 10:53:49', '2011-02-02 05:23:49', 1, NULL, '2011-02-02 05:23:49', 1, 'asdasdasd', 'asdasd')[0m
  [4;35;1mSQL (60.4ms)[0m   [0mCOMMIT[0m
  [4;36;1mEmployee Load (0.1ms)[0m   [0;1mSELECT * FROM `employees` [0m
  [4;35;1mEmployee Load (0.2ms)[0m   [0mSELECT `employees`.* FROM `employees` INNER JOIN `employee_projects` ON `employees`.id = `employee_projects`.employee_id WHERE (`employees`.`id` = 1) AND ((`employee_projects`.project_id = 1)) LIMIT 1[0m
Rendered projects/_employee_list (2.9ms)
Completed in 85ms (View: 3, DB: 63) | 200 OK [http://localhost/projects/ajax_action?eid=1&pid=1]
  [4;36;1mSQL (0.1ms)[0m   [0;1mSET NAMES 'utf8'[0m
  [4;35;1mSQL (0.1ms)[0m   [0mSET SQL_AUTO_IS_NULL=0[0m


Processing ProjectsController#ajax_action (for 127.0.0.1 at 2011-02-02 10:53:53) [POST]
  Parameters: {"eid"=>"1", "pid"=>"1", "authenticity_token"=>"fJpE5H+LkX8Dom2nAVZGDeHCw6TRhKGFvf9wlke2/Bk="}
  [4;36;1mUser Columns (0.8ms)[0m   [0;1mSHOW FIELDS FROM `users`[0m
  [4;35;1mUser Load (0.2ms)[0m   [0mSELECT * FROM `users` WHERE (`users`.`id` = 1) LIMIT 1[0m
  [4;36;1mEmployee Columns (0.5ms)[0m   [0;1mSHOW FIELDS FROM `employees`[0m
  [4;35;1mEmployee Load (0.1ms)[0m   [0mSELECT * FROM `employees` WHERE (`employees`.`id` = '1') LIMIT 1[0m
  [4;36;1mProject Columns (0.4ms)[0m   [0;1mSHOW FIELDS FROM `projects`[0m
  [4;35;1mProject Load (0.1ms)[0m   [0mSELECT * FROM `projects` WHERE (`projects`.`id` = '1') LIMIT 1[0m
  [4;36;1mEmployeeProject Load (0.1ms)[0m   [0;1mSELECT * FROM `employee_projects` WHERE (`employee_projects`.`employee_id` = 1 AND `employee_projects`.`project_id` = 1) LIMIT 1[0m
  [4;35;1mEmployeeProject Columns (0.4ms)[0m   [0mSHOW FIELDS FROM `employee_projects`[0m
  [4;36;1mEmployeeProject Delete all (57.4ms)[0m   [0;1mDELETE FROM `employee_projects` WHERE (`id` IN (4)) [0m
  [4;35;1mEmployee Load (0.2ms)[0m   [0mSELECT * FROM `employees` [0m
  [4;36;1mEmployee Load (0.2ms)[0m   [0;1mSELECT `employees`.* FROM `employees` INNER JOIN `employee_projects` ON `employees`.id = `employee_projects`.employee_id WHERE (`employees`.`id` = 1) AND ((`employee_projects`.project_id = 1)) LIMIT 1[0m
Rendered projects/_employee_list (4.5ms)
Completed in 81ms (View: 5, DB: 61) | 200 OK [http://localhost/projects/ajax_action?eid=1&pid=1]
  [4;35;1mSQL (0.1ms)[0m   [0mSET NAMES 'utf8'[0m
  [4;36;1mSQL (0.1ms)[0m   [0;1mSET SQL_AUTO_IS_NULL=0[0m


Processing ProjectsController#ajax_action (for 127.0.0.1 at 2011-02-02 10:53:55) [POST]
  Parameters: {"eid"=>"1", "pid"=>"1", "authenticity_token"=>"fJpE5H+LkX8Dom2nAVZGDeHCw6TRhKGFvf9wlke2/Bk="}
  [4;35;1mUser Columns (0.7ms)[0m   [0mSHOW FIELDS FROM `users`[0m
  [4;36;1mUser Load (0.2ms)[0m   [0;1mSELECT * FROM `users` WHERE (`users`.`id` = 1) LIMIT 1[0m
  [4;35;1mEmployee Columns (0.5ms)[0m   [0mSHOW FIELDS FROM `employees`[0m
  [4;36;1mEmployee Load (0.1ms)[0m   [0;1mSELECT * FROM `employees` WHERE (`employees`.`id` = '1') LIMIT 1[0m
  [4;35;1mProject Columns (0.4ms)[0m   [0mSHOW FIELDS FROM `projects`[0m
  [4;36;1mProject Load (0.1ms)[0m   [0;1mSELECT * FROM `projects` WHERE (`projects`.`id` = '1') LIMIT 1[0m
  [4;35;1mEmployeeProject Load (0.1ms)[0m   [0mSELECT * FROM `employee_projects` WHERE (`employee_projects`.`employee_id` = 1 AND `employee_projects`.`project_id` = 1) LIMIT 1[0m
  [4;36;1mEmployeeProject Columns (0.4ms)[0m   [0;1mSHOW FIELDS FROM `employee_projects`[0m
  [4;35;1mSQL (0.0ms)[0m   [0mBEGIN[0m
  [4;36;1mEmployeeProject Create (0.1ms)[0m   [0;1mINSERT INTO `employee_projects` (`allocated_at`, `created_at`, `project_id`, `deallocated_at`, `updated_at`, `employee_id`, `employee_name`, `project_name`) VALUES('2011-02-02 10:53:55', '2011-02-02 05:23:55', 1, NULL, '2011-02-02 05:23:55', 1, 'asdasdasd', 'asdasd')[0m
  [4;35;1mSQL (48.4ms)[0m   [0mCOMMIT[0m
  [4;36;1mEmployee Load (0.1ms)[0m   [0;1mSELECT * FROM `employees` [0m
  [4;35;1mEmployee Load (0.2ms)[0m   [0mSELECT `employees`.* FROM `employees` INNER JOIN `employee_projects` ON `employees`.id = `employee_projects`.employee_id WHERE (`employees`.`id` = 1) AND ((`employee_projects`.project_id = 1)) LIMIT 1[0m
Rendered projects/_employee_list (3.2ms)
Completed in 74ms (View: 4, DB: 51) | 200 OK [http://localhost/projects/ajax_action?eid=1&pid=1]
  [4;36;1mSQL (0.1ms)[0m   [0;1mSET NAMES 'utf8'[0m
  [4;35;1mSQL (0.1ms)[0m   [0mSET SQL_AUTO_IS_NULL=0[0m


Processing ProjectsController#ajax_action (for 127.0.0.1 at 2011-02-02 10:53:55) [POST]
  Parameters: {"eid"=>"1", "pid"=>"1", "authenticity_token"=>"fJpE5H+LkX8Dom2nAVZGDeHCw6TRhKGFvf9wlke2/Bk="}
  [4;36;1mUser Columns (0.7ms)[0m   [0;1mSHOW FIELDS FROM `users`[0m
  [4;35;1mUser Load (0.2ms)[0m   [0mSELECT * FROM `users` WHERE (`users`.`id` = 1) LIMIT 1[0m
  [4;36;1mEmployee Columns (0.4ms)[0m   [0;1mSHOW FIELDS FROM `employees`[0m
  [4;35;1mEmployee Load (0.1ms)[0m   [0mSELECT * FROM `employees` WHERE (`employees`.`id` = '1') LIMIT 1[0m
  [4;36;1mProject Columns (0.4ms)[0m   [0;1mSHOW FIELDS FROM `projects`[0m
  [4;35;1mProject Load (0.1ms)[0m   [0mSELECT * FROM `projects` WHERE (`projects`.`id` = '1') LIMIT 1[0m
  [4;36;1mEmployeeProject Load (0.1ms)[0m   [0;1mSELECT * FROM `employee_projects` WHERE (`employee_projects`.`employee_id` = 1 AND `employee_projects`.`project_id` = 1) LIMIT 1[0m
  [4;35;1mEmployeeProject Columns (0.4ms)[0m   [0mSHOW FIELDS FROM `employee_projects`[0m
  [4;36;1mEmployeeProject Delete all (54.6ms)[0m   [0;1mDELETE FROM `employee_projects` WHERE (`id` IN (5)) [0m
  [4;35;1mEmployee Load (0.1ms)[0m   [0mSELECT * FROM `employees` [0m
  [4;36;1mEmployee Load (0.2ms)[0m   [0;1mSELECT `employees`.* FROM `employees` INNER JOIN `employee_projects` ON `employees`.id = `employee_projects`.employee_id WHERE (`employees`.`id` = 1) AND ((`employee_projects`.project_id = 1)) LIMIT 1[0m
Rendered projects/_employee_list (4.3ms)
Completed in 76ms (View: 5, DB: 57) | 200 OK [http://localhost/projects/ajax_action?eid=1&pid=1]
  [4;35;1mSQL (0.1ms)[0m   [0mSET NAMES 'utf8'[0m
  [4;36;1mSQL (0.1ms)[0m   [0;1mSET SQL_AUTO_IS_NULL=0[0m


Processing ProjectsController#edit (for 127.0.0.1 at 2011-02-02 10:53:56) [POST]
  Parameters: {"commit"=>"Save changes", "authenticity_token"=>"fJpE5H+LkX8Dom2nAVZGDeHCw6TRhKGFvf9wlke2/Bk=", "id"=>"1", "change"=>{"name"=>"asdasd", "description"=>"asdasdasdasd"}}
  [4;35;1mUser Columns (0.6ms)[0m   [0mSHOW FIELDS FROM `users`[0m
  [4;36;1mUser Load (0.2ms)[0m   [0;1mSELECT * FROM `users` WHERE (`users`.`id` = 1) LIMIT 1[0m
  [4;35;1mProject Columns (0.4ms)[0m   [0mSHOW FIELDS FROM `projects`[0m
  [4;36;1mProject Load (0.1ms)[0m   [0;1mSELECT * FROM `projects` WHERE (`projects`.`id` = '1') LIMIT 1[0m
  [4;35;1mEmployeeProject Columns (0.4ms)[0m   [0mSHOW FIELDS FROM `employee_projects`[0m
  [4;36;1mEmployeeProject Load (0.1ms)[0m   [0;1mSELECT * FROM `employee_projects` WHERE (`employee_projects`.`project_name` = 'asdasd') AND (`employee_projects`.project_id = 1) LIMIT 1[0m
Redirected to http://localhost:3000/users/home
Completed in 14ms (DB: 2) | 302 Found [http://localhost/projects/edit/1]
  [4;35;1mSQL (0.1ms)[0m   [0mSET NAMES 'utf8'[0m
  [4;36;1mSQL (0.0ms)[0m   [0;1mSET SQL_AUTO_IS_NULL=0[0m


Processing UsersController#home (for 127.0.0.1 at 2011-02-02 10:53:56) [GET]
  [4;35;1mUser Columns (0.8ms)[0m   [0mSHOW FIELDS FROM `users`[0m
  [4;36;1mUser Load (0.2ms)[0m   [0;1mSELECT * FROM `users` WHERE (`users`.`id` = 1) LIMIT 1[0m
Rendering template within layouts/users
Rendering users/home
Completed in 10ms (View: 3, DB: 1) | 200 OK [http://localhost/users/home]
  [4;35;1mSQL (0.1ms)[0m   [0mSET NAMES 'utf8'[0m
  [4;36;1mSQL (0.1ms)[0m   [0;1mSET SQL_AUTO_IS_NULL=0[0m


Processing EmployeesController#list (for 127.0.0.1 at 2011-02-02 10:54:15) [GET]
  [4;35;1mUser Columns (0.7ms)[0m   [0mSHOW FIELDS FROM `users`[0m
  [4;36;1mUser Load (0.2ms)[0m   [0;1mSELECT * FROM `users` WHERE (`users`.`id` = 1) LIMIT 1[0m
  [4;35;1mEmployee Load (0.1ms)[0m   [0mSELECT * FROM `employees` [0m
Rendering template within layouts/users
Rendering employees/list
  [4;36;1mEmployee Columns (0.5ms)[0m   [0;1mSHOW FIELDS FROM `employees`[0m
Completed in 14ms (View: 3, DB: 2) | 200 OK [http://localhost/employees/list]
  [4;35;1mSQL (0.1ms)[0m   [0mSET NAMES 'utf8'[0m
  [4;36;1mSQL (0.1ms)[0m   [0;1mSET SQL_AUTO_IS_NULL=0[0m


Processing UsersController#home (for 127.0.0.1 at 2011-02-02 10:58:23) [GET]
  [4;35;1mUser Columns (0.7ms)[0m   [0mSHOW FIELDS FROM `users`[0m
  [4;36;1mUser Load (0.2ms)[0m   [0;1mSELECT * FROM `users` WHERE (`users`.`id` = 1) LIMIT 1[0m
Rendering template within layouts/users
Rendering users/home
Completed in 9ms (View: 2, DB: 1) | 200 OK [http://localhost/users/home]
  [4;35;1mSQL (0.1ms)[0m   [0mBEGIN[0m
  [4;36;1mUser Update (0.2ms)[0m   [0;1mUPDATE `users` SET `updated_at` = '2011-02-02 05:28:57', `is_admin` = 0 WHERE `id` = 1[0m
  [4;35;1mSQL (51.4ms)[0m   [0mCOMMIT[0m
  [4;35;1mSQL (0.1ms)[0m   [0mSET NAMES 'utf8'[0m
  [4;36;1mSQL (0.1ms)[0m   [0;1mSET SQL_AUTO_IS_NULL=0[0m


Processing UsersController#home (for 127.0.0.1 at 2011-02-02 10:59:01) [GET]
  [4;35;1mUser Columns (0.7ms)[0m   [0mSHOW FIELDS FROM `users`[0m
  [4;36;1mUser Load (0.2ms)[0m   [0;1mSELECT * FROM `users` WHERE (`users`.`id` = 1) LIMIT 1[0m
Rendering template within layouts/users
Rendering users/home
Completed in 9ms (View: 3, DB: 1) | 200 OK [http://localhost/users/home]
  [4;35;1mSQL (0.1ms)[0m   [0mSET NAMES 'utf8'[0m
  [4;36;1mSQL (0.1ms)[0m   [0;1mSET SQL_AUTO_IS_NULL=0[0m


Processing ProjectsController#projects_allocated_to_employee (for 127.0.0.1 at 2011-02-02 10:59:05) [GET]
  [4;35;1mEmployeeProject Load (0.2ms)[0m   [0mSELECT * FROM `employee_projects` WHERE (`employee_projects`.`employee_id` IS NULL) [0m
Rendering template within layouts/users
Rendering projects/projects_allocated_to_employee
Completed in 5ms (View: 2, DB: 0) | 200 OK [http://localhost/projects/projects_allocated_to_employee]
  [4;36;1mSQL (0.1ms)[0m   [0;1mSET NAMES 'utf8'[0m
  [4;35;1mSQL (0.1ms)[0m   [0mSET SQL_AUTO_IS_NULL=0[0m


Processing TimesheetsController#view (for 127.0.0.1 at 2011-02-02 10:59:27) [GET]
  [4;36;1mUser Columns (0.7ms)[0m   [0;1mSHOW FIELDS FROM `users`[0m
  [4;35;1mUser Load (0.2ms)[0m   [0mSELECT * FROM `users` WHERE (`users`.`id` = 1) LIMIT 1[0m
  [4;36;1mTimesheet Load (0.1ms)[0m   [0;1mSELECT * FROM `timesheets` WHERE (`timesheets`.`date` = '2011-02-02' AND `timesheets`.`employee_id` IS NULL) [0m
Rendering template within layouts/users
Rendering timesheets/view
  [4;35;1mProject Load (0.2ms)[0m   [0mSELECT * FROM `projects` [0m
  [4;36;1mProject Columns (0.6ms)[0m   [0;1mSHOW FIELDS FROM `projects`[0m
Rendered timesheets/_sheet (1.9ms)
Completed in 25ms (View: 15, DB: 2) | 200 OK [http://localhost/timesheets/view]
  [4;35;1mSQL (0.1ms)[0m   [0mSET NAMES 'utf8'[0m
  [4;36;1mSQL (0.1ms)[0m   [0;1mSET SQL_AUTO_IS_NULL=0[0m


Processing TimesheetsController#create (for 127.0.0.1 at 2011-02-02 10:59:32) [GET]
  [4;35;1mUser Columns (0.7ms)[0m   [0mSHOW FIELDS FROM `users`[0m
  [4;36;1mUser Load (0.2ms)[0m   [0;1mSELECT * FROM `users` WHERE (`users`.`id` = 1) LIMIT 1[0m
  [4;35;1mEmployee Columns (0.5ms)[0m   [0mSHOW FIELDS FROM `employees`[0m
  [4;36;1mEmployee Load (0.1ms)[0m   [0;1mSELECT * FROM `employees` WHERE (`employees`.`id` IS NULL) LIMIT 1[0m

NoMethodError (undefined method `projects' for nil:NilClass):
  app/controllers/timesheets_controller.rb:6:in `create'

Rendered rescues/_trace (28.4ms)
Rendered rescues/_request_and_response (0.2ms)
Rendering rescues/layout (internal_server_error)
  [4;35;1mSQL (0.1ms)[0m   [0mSET NAMES 'utf8'[0m
  [4;36;1mSQL (0.1ms)[0m   [0;1mSET SQL_AUTO_IS_NULL=0[0m


Processing TimesheetsController#view (for 127.0.0.1 at 2011-02-02 10:59:40) [GET]
  [4;35;1mUser Columns (0.7ms)[0m   [0mSHOW FIELDS FROM `users`[0m
  [4;36;1mUser Load (0.2ms)[0m   [0;1mSELECT * FROM `users` WHERE (`users`.`id` = 1) LIMIT 1[0m
  [4;35;1mTimesheet Load (0.1ms)[0m   [0mSELECT * FROM `timesheets` WHERE (`timesheets`.`date` = '2011-02-02' AND `timesheets`.`employee_id` IS NULL) [0m
Rendering template within layouts/users
Rendering timesheets/view
  [4;36;1mProject Load (0.2ms)[0m   [0;1mSELECT * FROM `projects` [0m
  [4;35;1mProject Columns (0.6ms)[0m   [0mSHOW FIELDS FROM `projects`[0m
Rendered timesheets/_sheet (2.0ms)
Completed in 76ms (View: 66, DB: 2) | 200 OK [http://localhost/timesheets/view]
  [4;36;1mSQL (0.1ms)[0m   [0;1mSET NAMES 'utf8'[0m
  [4;35;1mSQL (0.0ms)[0m   [0mSET SQL_AUTO_IS_NULL=0[0m


Processing TimesheetsController#sort_it (for 127.0.0.1 at 2011-02-02 11:02:34) [POST]
  Parameters: {"authenticity_token"=>"fJpE5H+LkX8Dom2nAVZGDeHCw6TRhKGFvf9wlke2/Bk=", "id"=>"du"}
  [4;36;1mUser Columns (0.8ms)[0m   [0;1mSHOW FIELDS FROM `users`[0m
  [4;35;1mUser Load (0.2ms)[0m   [0mSELECT * FROM `users` WHERE (`users`.`id` = 1) LIMIT 1[0m

NoMethodError (You have a nil object when you didn't expect it!
You might have expected an instance of Array.
The error occurred while evaluating nil.each):
  app/controllers/timesheets_controller.rb:87:in `sort_it'

Rendered rescues/_trace (28.5ms)
Rendered rescues/_request_and_response (0.2ms)
Rendering rescues/layout (internal_server_error)
  [4;36;1mSQL (0.1ms)[0m   [0;1mSET NAMES 'utf8'[0m
  [4;35;1mSQL (0.1ms)[0m   [0mSET SQL_AUTO_IS_NULL=0[0m


Processing TimesheetsController#view (for 127.0.0.1 at 2011-02-02 11:02:38) [GET]
  [4;36;1mUser Columns (0.7ms)[0m   [0;1mSHOW FIELDS FROM `users`[0m
  [4;35;1mUser Load (0.2ms)[0m   [0mSELECT * FROM `users` WHERE (`users`.`id` = 1) LIMIT 1[0m
  [4;36;1mTimesheet Load (0.1ms)[0m   [0;1mSELECT * FROM `timesheets` WHERE (`timesheets`.`date` = '2011-02-02' AND `timesheets`.`employee_id` IS NULL) [0m
Rendering template within layouts/users
Rendering timesheets/view
  [4;35;1mProject Load (0.1ms)[0m   [0mSELECT * FROM `projects` [0m
  [4;36;1mProject Columns (0.5ms)[0m   [0;1mSHOW FIELDS FROM `projects`[0m
Rendered timesheets/_sheet (1.8ms)
Completed in 23ms (View: 14, DB: 2) | 200 OK [http://localhost/timesheets/view]
  [4;35;1mSQL (0.1ms)[0m   [0mSET NAMES 'utf8'[0m
  [4;36;1mSQL (0.1ms)[0m   [0;1mSET SQL_AUTO_IS_NULL=0[0m


Processing UsersController#home (for 127.0.0.1 at 2011-02-02 11:02:51) [GET]
  [4;35;1mUser Columns (0.8ms)[0m   [0mSHOW FIELDS FROM `users`[0m
  [4;36;1mUser Load (0.2ms)[0m   [0;1mSELECT * FROM `users` WHERE (`users`.`id` = 1) LIMIT 1[0m
Rendering template within layouts/users
Rendering users/home
Completed in 10ms (View: 3, DB: 1) | 200 OK [http://localhost/users/home]
  [4;35;1mSQL (0.1ms)[0m   [0mSET NAMES 'utf8'[0m
  [4;36;1mSQL (0.1ms)[0m   [0;1mSET SQL_AUTO_IS_NULL=0[0m


Processing TimesheetsController#create (for 127.0.0.1 at 2011-02-02 11:03:24) [GET]
  [4;35;1mUser Columns (0.7ms)[0m   [0mSHOW FIELDS FROM `users`[0m
  [4;36;1mUser Load (0.2ms)[0m   [0;1mSELECT * FROM `users` WHERE (`users`.`id` = 1) LIMIT 1[0m
  [4;35;1mEmployee Columns (0.5ms)[0m   [0mSHOW FIELDS FROM `employees`[0m
  [4;36;1mEmployee Load (0.1ms)[0m   [0;1mSELECT * FROM `employees` WHERE (`employees`.`id` IS NULL) LIMIT 1[0m

NoMethodError (undefined method `projects' for nil:NilClass):
  app/controllers/timesheets_controller.rb:6:in `create'

Rendered rescues/_trace (29.0ms)
Rendered rescues/_request_and_response (0.2ms)
Rendering rescues/layout (internal_server_error)
  [4;35;1mSQL (0.1ms)[0m   [0mSET NAMES 'utf8'[0m
  [4;36;1mSQL (0.1ms)[0m   [0;1mSET SQL_AUTO_IS_NULL=0[0m


Processing TimesheetsController#view (for 127.0.0.1 at 2011-02-02 11:03:36) [GET]
  [4;35;1mUser Columns (0.7ms)[0m   [0mSHOW FIELDS FROM `users`[0m
  [4;36;1mUser Load (0.2ms)[0m   [0;1mSELECT * FROM `users` WHERE (`users`.`id` = 1) LIMIT 1[0m
  [4;35;1mTimesheet Load (0.1ms)[0m   [0mSELECT * FROM `timesheets` WHERE (`timesheets`.`date` = '2011-02-02' AND `timesheets`.`employee_id` IS NULL) [0m
Rendering template within layouts/users
Rendering timesheets/view
  [4;36;1mProject Load (0.1ms)[0m   [0;1mSELECT * FROM `projects` [0m
  [4;35;1mProject Columns (0.5ms)[0m   [0mSHOW FIELDS FROM `projects`[0m
Rendered timesheets/_sheet (1.8ms)
Completed in 23ms (View: 14, DB: 2) | 200 OK [http://localhost/timesheets/view]
